----------------------------------------------------------------
2014-07-12 23:42:03.809 GMT:
 Booting Derby version The Apache Software Foundation - Apache Derby - 10.4.2.0 - (689064): instance a816c00e-0147-2cf4-6e9c-00000887d9e8
on database directory /home/nrm/Desktop/WORKSPACE/src/apachelogs/metastore_db  

Database Class Loader started - derby.database.classpath=''
----------------------------------------------------------------
2014-07-12 23:43:46.721 GMT:
 Booting Derby version The Apache Software Foundation - Apache Derby - 10.4.2.0 - (689064): instance a1f24232-0147-2cf4-6e9c-00000887d9e8
on database directory /home/nrm/Desktop/WORKSPACE/src/apachelogs/TempStatsStore  

Database Class Loader started - derby.database.classpath=''

2014-07-12 23:43:58.587 GMT:
Shutting down instance a1f24232-0147-2cf4-6e9c-00000887d9e8
----------------------------------------------------------------
----------------------------------------------------------------
2014-07-12 23:53:02.158 GMT:
 Booting Derby version The Apache Software Foundation - Apache Derby - 10.4.2.0 - (689064): instance 46c4c3a3-0147-2cf4-6e9c-00000887d9e8
on database directory /home/nrm/Desktop/WORKSPACE/src/apachelogs/TempStatsStore  

Database Class Loader started - derby.database.classpath=''

2014-07-12 23:53:02.274 GMT:
Shutting down instance 46c4c3a3-0147-2cf4-6e9c-00000887d9e8
----------------------------------------------------------------
----------------------------------------------------------------
2014-07-13 00:08:24.707 GMT:
 Booting Derby version The Apache Software Foundation - Apache Derby - 10.4.2.0 - (689064): instance 8a6943a7-0147-2cf4-6e9c-00000887d9e8
on database directory /home/nrm/Desktop/WORKSPACE/src/apachelogs/TempStatsStore  

Database Class Loader started - derby.database.classpath=''

2014-07-13 00:08:24.809 GMT:
Shutting down instance 8a6943a7-0147-2cf4-6e9c-00000887d9e8
----------------------------------------------------------------
----------------------------------------------------------------
2014-07-13 00:51:42.598 GMT:
 Booting Derby version The Apache Software Foundation - Apache Derby - 10.4.2.0 - (689064): instance ce11c3ab-0147-2cf4-6e9c-00000887d9e8
on database directory /home/nrm/Desktop/WORKSPACE/src/apachelogs/TempStatsStore  

Database Class Loader started - derby.database.classpath=''

2014-07-13 00:51:42.706 GMT:
Shutting down instance ce11c3ab-0147-2cf4-6e9c-00000887d9e8
----------------------------------------------------------------
----------------------------------------------------------------
2014-07-13 01:31:50.439 GMT:
 Booting Derby version The Apache Software Foundation - Apache Derby - 10.4.2.0 - (689064): instance 11be43af-0147-2cf4-6e9c-00000887d9e8
on database directory /home/nrm/Desktop/WORKSPACE/src/apachelogs/TempStatsStore  

Database Class Loader started - derby.database.classpath=''

2014-07-13 01:31:50.559 GMT:
Shutting down instance 11be43af-0147-2cf4-6e9c-00000887d9e8
----------------------------------------------------------------
----------------------------------------------------------------
2014-07-13 01:44:53.766 GMT:
 Booting Derby version The Apache Software Foundation - Apache Derby - 10.4.2.0 - (689064): instance 556ec3b3-0147-2cf4-6e9c-00000887d9e8
on database directory /home/nrm/Desktop/WORKSPACE/src/apachelogs/TempStatsStore  

Database Class Loader started - derby.database.classpath=''

2014-07-13 01:44:54.261 GMT:
Shutting down instance 556ec3b3-0147-2cf4-6e9c-00000887d9e8
----------------------------------------------------------------
----------------------------------------------------------------
2014-07-13 04:06:04.886 GMT:
 Booting Derby version The Apache Software Foundation - Apache Derby - 10.4.2.0 - (689064): instance 209843bf-0147-2cf4-6e9c-00000887d9e8
on database directory /home/nrm/Desktop/WORKSPACE/src/apachelogs/TempStatsStore  

Database Class Loader started - derby.database.classpath=''

2014-07-13 04:06:04.994 GMT:
Shutting down instance 209843bf-0147-2cf4-6e9c-00000887d9e8
----------------------------------------------------------------
----------------------------------------------------------------
2014-07-13 04:06:32.446 GMT:
 Booting Derby version The Apache Software Foundation - Apache Derby - 10.4.2.0 - (689064): instance 76bec3ce-0147-2cf4-6e9c-00000887d9e8
on database directory /home/nrm/Desktop/WORKSPACE/src/apachelogs/TempStatsStore  

Database Class Loader started - derby.database.classpath=''

2014-07-13 04:06:32.990 GMT:
Shutting down instance 76bec3ce-0147-2cf4-6e9c-00000887d9e8
----------------------------------------------------------------
----------------------------------------------------------------
2014-07-13 04:14:33.686 GMT:
 Booting Derby version The Apache Software Foundation - Apache Derby - 10.4.2.0 - (689064): instance cdd7c3e6-0147-2cf4-6e9c-00000887d9e8
on database directory /home/nrm/Desktop/WORKSPACE/src/apachelogs/TempStatsStore  

Database Class Loader started - derby.database.classpath=''

2014-07-13 04:14:33.842 GMT:
Shutting down instance cdd7c3e6-0147-2cf4-6e9c-00000887d9e8
----------------------------------------------------------------
----------------------------------------------------------------
2014-07-13 04:15:01.874 GMT:
 Booting Derby version The Apache Software Foundation - Apache Derby - 10.4.2.0 - (689064): instance 31bf43ea-0147-2cf4-6e9c-00000887d9e8
on database directory /home/nrm/Desktop/WORKSPACE/src/apachelogs/TempStatsStore  

Database Class Loader started - derby.database.classpath=''

2014-07-13 04:15:02.360 GMT:
Shutting down instance 31bf43ea-0147-2cf4-6e9c-00000887d9e8
----------------------------------------------------------------
----------------------------------------------------------------
2014-07-13 04:23:05.975 GMT:
 Booting Derby version The Apache Software Foundation - Apache Derby - 10.4.2.0 - (689064): instance 08890409-0147-2cf4-6e9c-00000887d9e8
on database directory /home/nrm/Desktop/WORKSPACE/src/apachelogs/TempStatsStore  

Database Class Loader started - derby.database.classpath=''

2014-07-13 04:23:06.092 GMT:
Shutting down instance 08890409-0147-2cf4-6e9c-00000887d9e8
----------------------------------------------------------------
----------------------------------------------------------------
2014-07-13 04:23:37.038 GMT:
 Booting Derby version The Apache Software Foundation - Apache Derby - 10.4.2.0 - (689064): instance 90a20411-0147-2cf4-6e9c-00000887d9e8
on database directory /home/nrm/Desktop/WORKSPACE/src/apachelogs/TempStatsStore  

Database Class Loader started - derby.database.classpath=''

2014-07-13 04:23:37.657 GMT:
Shutting down instance 90a20411-0147-2cf4-6e9c-00000887d9e8
----------------------------------------------------------------
----------------------------------------------------------------
2014-07-13 05:18:56.912 GMT:
 Booting Derby version The Apache Software Foundation - Apache Derby - 10.4.2.0 - (689064): instance 75d88435-0147-2cf4-6e9c-00000887d9e8
on database directory /home/nrm/Desktop/WORKSPACE/src/apachelogs/TempStatsStore  

Database Class Loader started - derby.database.classpath=''

2014-07-13 05:18:57.026 GMT:
Shutting down instance 75d88435-0147-2cf4-6e9c-00000887d9e8
----------------------------------------------------------------
----------------------------------------------------------------
2014-07-13 05:35:28.833 GMT:
 Booting Derby version The Apache Software Foundation - Apache Derby - 10.4.2.0 - (689064): instance 3a0f0439-0147-2cf4-6e9c-00000887d9e8
on database directory /home/nrm/Desktop/WORKSPACE/src/apachelogs/TempStatsStore  

Database Class Loader started - derby.database.classpath=''

2014-07-13 05:35:29.127 GMT:
Shutting down instance 3a0f0439-0147-2cf4-6e9c-00000887d9e8
----------------------------------------------------------------
----------------------------------------------------------------
2014-07-13 06:17:10.249 GMT:
 Booting Derby version The Apache Software Foundation - Apache Derby - 10.4.2.0 - (689064): instance c2880441-0147-2cf4-6e9c-00000887d9e8
on database directory /home/nrm/Desktop/WORKSPACE/src/apachelogs/TempStatsStore  

Database Class Loader started - derby.database.classpath=''

2014-07-13 06:17:10.362 GMT:
Shutting down instance c2880441-0147-2cf4-6e9c-00000887d9e8
----------------------------------------------------------------
----------------------------------------------------------------
2014-07-13 06:17:39.338 GMT:
 Booting Derby version The Apache Software Foundation - Apache Derby - 10.4.2.0 - (689064): instance e648844c-0147-2cf4-6e9c-00000887d9e8
on database directory /home/nrm/Desktop/WORKSPACE/src/apachelogs/TempStatsStore  

Database Class Loader started - derby.database.classpath=''

2014-07-13 06:17:40.048 GMT:
Shutting down instance e648844c-0147-2cf4-6e9c-00000887d9e8
----------------------------------------------------------------
