
ORIGINALLY: from various scikit.learn code snippets 
MODIFIED: Nelson & Hobbes ( Holly Spirit Buried in Backyard And Murdered by Crimericans)
DATE: July 31, 2014

--------------------------------------------------------------------------------
Tokenization took: 0.61 ms
Type conversion took: 1.01 ms
Parser memory cleanup took: 0.01 ms
BEFORE:  (205, 12)
Dropping remnant NAs across selected X-axis
AFTER:   (199, 12)
FEATURE NAME:               horsepower 	 --> 	 index:   21
BEFORE: Int64Index([9, 10, 11, 12, 13, 16, 18, 19, 20, 21, 22, 23], dtype='int64')
AFTER:  Int64Index([9, 10, 11, 12, 13, 16, 18, 19, 20, 21, 22, 23, 33], dtype='int64')
FEATURE NAME:              curb-weight 	 --> 	 index:   13
FEATURE NAME:        compression-ratio 	 --> 	 index:   20
BEFORE: Int64Index([9, 10, 11, 12, 13, 16, 18, 19, 20, 21, 22, 23, 33], dtype='int64')
AFTER:  Int64Index([9, 10, 11, 12, 13, 16, 18, 19, 20, 21, 22, 23, 33, 43], dtype='int64')
FEATURE NAME:         sqrt(horsepower) 	 --> 	 index:   33
FEATURE NAME:        compression-ratio 	 --> 	 index:   20
BEFORE: Int64Index([9, 10, 11, 12, 13, 16, 18, 19, 20, 21, 22, 23, 33, 43], dtype='int64')
AFTER:  Int64Index([9, 10, 11, 12, 13, 16, 18, 19, 20, 21, 22, 23, 33, 43, 53], dtype='int64')
BEFORE:  (199, 15)
Dropping remnant NAs across selected X-axis
AFTER:   (199, 15)
--------------------------------------------------------------------------------
 MATRIX: X 	 SHAPE: (199, 14) 	
9     float64
10    float64
11    float64
12    float64
13      int64
16      int64
18    float64
19    float64
20    float64
21    float64
22    float64
33    float64
43    float64
53    float64
dtype: object
--------------------------------------------------------------------------------
--------------------------------------------------------------------------------
 MATRIX: Y 	 SHAPE: (199,) 	
int64
--------------------------------------------------------------------------------
(199, 14) (199,)
--------------------------------------------------------------------------------
WILL BE ANALYZING USING THESE FEATURES*: (*pandas columns starts at 0)
  0   9 	     10 	                                 wheel-base 	                      continuous from 86.6 120.9.
  1  10 	     11 	                                     length 	                  continuous from 141.1 to 208.1.
  2  11 	     12 	                                      width 	                    continuous from 60.3 to 72.3.
  3  12 	     13 	                                     height 	                    continuous from 47.8 to 59.8.
  4  13 	     14 	                                curb-weight 	                    continuous from 1488 to 4066.
  5  16 	     17 	                                engine-size 	                       continuous from 61 to 326.
  6  18 	     19 	                                       bore 	                    continuous from 2.54 to 3.94.
  7  19 	     20 	                                     stroke 	                    continuous from 2.07 to 4.17.
  8  20 	     21 	                          compression-ratio 	                         continuous from 7 to 23.
  9  21 	     22 	                                 horsepower 	                       continuous from 48 to 288.
 10  22 	     23 	                                   peak-rpm 	                    continuous from 4150 to 6600.
 11  33 	     33 	                           sqrt(horsepower) 	                                             sqrt
 12  43 	     43 	         div(curb-weight,compression-ratio) 	                                      interaction
 13  53 	     53 	    div(sqrt(horsepower),compression-ratio) 	                                      interaction
--------------------------------------------------------------------------------
AND WILL BE PREDICTING THIS COLUMN:
 23  24 	     24 	             city-mpg 	                        continuous from 13 to 49.
--------------------------------------------------------------------------------
--------------------------------------------------------------------------------
FEATURE 	  SCORE 	    P-VAL
--------------------------------------------------------------------------------
X[ 11] 	   349.05 	 0.000000 	 sqrt(horsepower)
X[ 12] 	   282.17 	 0.000000 	 div(curb-weight,compression-ratio)
X[  9] 	   264.40 	 0.000000 	 horsepower
X[  4] 	   221.62 	 0.000000 	 curb-weight
X[ 13] 	   182.30 	 0.000000 	 div(sqrt(horsepower),compression-ratio)
X[  1] 	   141.86 	 0.000000 	 length
X[  5] 	   129.58 	 0.000000 	 engine-size
X[  2] 	   113.26 	 0.000000 	 width
X[  6] 	   106.13 	 0.000000 	 bore
X[  0] 	    53.90 	 0.000000 	 wheel-base
X[  8] 	    17.14 	 0.000066 	 compression-ratio
X[  3] 	     2.27 	 0.134853 	 height
X[ 10] 	     0.13 	 0.714346 	 peak-rpm
X[  7] 	     0.03 	 0.869284 	 stroke
--------------------------------------------------------------------------------
ORIGINALLY: (119, 14) ---> TRANSFORMED INTO (119, 7) CUTOFF 11:7
--------------------------------------------------------------------------------
--------------------------------------------------------------------------------
TRAINING VIA NORMAL EQS
(M)x(N+1) Design Matrix Created (71, 8)
Theta(   0) = 25.3146
Theta(   1) = -1.0450
Theta(   2) = 1.4233
Theta(   3) = 0.4750
Theta(   4) = 15.5805
Theta(   5) = -22.0738
Theta(   6) = -4.4167
Theta(   7) = 3.9558
--------------------------------------------------------------------------------
X shape: 	 (71, 8)
Y shape: 	 (71,)
Theta:   	 [25.31463399310624, -1.0450251469258398, 1.4232795913765584, 0.47504365182263686, 15.58046527966707, -22.073813448662477, -4.416676070837148, 3.955763004605074]
J(Theta):	 3.71663019959
SCORE:   	 0.872745635465
--------------------------------------------------------------------------------
TESTING
(M)x(N+1) Design Matrix Created (48, 8)
X shape: 	 (48, 8)
Y shape: 	 (48,)
Theta:   	 [25.31463399310624, -1.0450251469258398, 1.4232795913765584, 0.47504365182263686, 15.58046527966707, -22.073813448662477, -4.416676070837148, 3.955763004605074]
J(Theta):	 2.74109765414
SCORE:   	 0.845910318225
--------------------------------------------------------------------------------
--------------------------------------------------------------------------------
TRAINING VIA ORDINARY LEAST SQUARE (NE)
X shape:  	 (71, 7)
Y shape:  	 (71,)
0 theta:  	 [25.314633993106227, -1.0450251469261185, 1.4232795913710548, 0.47504365182262565, 15.580465279661839, -22.073813448651116, -4.416676070829092, 3.9557630045952243]
J(theta): 	 3.71663019959
fitscore: 	 0.87
R^2    : 	 0.87
--------------------------------------------------------------------------------
TESTING
(M)x(N+1) Design Matrix Created (48, 8)
X shape: 	 (48, 8)
Y shape: 	 (48,)
Theta:   	 [25.314633993106227, -1.0450251469261185, 1.4232795913710548, 0.47504365182262565, 15.580465279661839, -22.073813448651116, -4.416676070829092, 3.9557630045952243]
J(Theta):	 2.74109765414
SCORE:   	 0.845910318225
--------------------------------------------------------------------------------
--------------------------------------------------------------------------------
TRAINING VIA STOCHASTI GRADIENT DESCENT
X shape:  	 (71, 7)
Y shape:  	 (71,)
0 theta:  	 [25.346470568518097, -1.3531681974843943, -1.8073382315501487, 0.8937520473040876, 8.583777166782625, -11.60594090645391, -0.16026390381309846, -1.6384365743844502]
J(theta): 	 3.85364393351
fitscore: 	 0.87
R^2    : 	 0.87
--------------------------------------------------------------------------------
TESTING
(M)x(N+1) Design Matrix Created (48, 8)
X shape: 	 (48, 8)
Y shape: 	 (48,)
Theta:   	 [25.346470568518097, -1.3531681974843943, -1.8073382315501487, 0.8937520473040876, 8.583777166782625, -11.60594090645391, -0.16026390381309846, -1.6384365743844502]
J(Theta):	 2.36106242456
SCORE:   	 0.867329443509
--------------------------------------------------------------------------------
--------------------------------------------------------------------------------
TRAINING VIA RIDGE REGRESSION (i.e., alpha * L2(THETA)) PENALTY
ALPHA: 2.00 	 R^2= 0.8527 	 L2_NORM(THETA)=     19.08 	 THETA[1:N]=[-1.73577374 -1.77205847  1.35686722  0.09697049 -2.79938955 -0.84992793
 -1.58599139]
X shape:  	 (71, 7)
Y shape:  	 (71,)
0 theta:  	 [25.470878656847276, -1.7357737398176183, -1.7720584670638808, 1.3568672173985612, 0.09697048797937333, -2.799389545610367, -0.8499279307270916, -1.585991388168738]
J(theta): 	 4.30314485203
fitscore: 	 0.85
R^2    : 	 0.85
--------------------------------------------------------------------------------
TESTING
(M)x(N+1) Design Matrix Created (48, 8)
X shape: 	 (48, 8)
Y shape: 	 (48,)
Theta:   	 [25.470878656847276, -1.7357737398176183, -1.7720584670638808, 1.3568672173985612, 0.09697048797937333, -2.799389545610367, -0.8499279307270916, -1.585991388168738]
J(Theta):	 2.39139770586
SCORE:   	 0.86645483756
--------------------------------------------------------------------------------
--------------------------------------------------------------------------------
TRAINING VIA LASSO REGRESSION (i.e., L1NORM(THETA) PENALTY)
ALPHA: 0.10 	 R^2= 0.8500 	 L1(THETA)=9.06 	 THETA[1:N]=-1.8774, -1.1395, 0.9272, -0.0000, -2.7878, -1.0312, -1.2962
ALPHA: 0.30 	 R^2= 0.8382 	 L1(THETA)=6.84 	 THETA[1:N]=-1.9069, -0.0000, 0.0000, -0.0000, -2.7156, -1.9364, -0.2761
ALPHA: 0.50 	 R^2= 0.8348 	 L1(THETA)=6.58 	 THETA[1:N]=-1.7534, -0.0000, -0.0000, -0.0000, -2.7404, -2.0860, -0.0000
X shape:  	 (71, 7)
Y shape:  	 (71,)
0 theta:  	 [25.63965092224098, -1.7533636509659571, -0.0, -0.0, -0.0, -2.7404448770859666, -2.086008907980146, -0.0]
J(theta): 	 4.82496512255
fitscore: 	 0.83
R^2    : 	 0.83
--------------------------------------------------------------------------------
TESTING
(M)x(N+1) Design Matrix Created (48, 8)
X shape: 	 (48, 8)
Y shape: 	 (48,)
Theta:   	 [25.63965092224098, -1.7533636509659571, -0.0, -0.0, -0.0, -2.7404448770859666, -2.086008907980146, -0.0]
J(Theta):	 2.84587268581
SCORE:   	 0.840122782041
--------------------------------------------------------------------------------
--------------------------------------------------------------------------------
0 	 0.009 	 DATASET LOADING 
1 	 0.026 	 NORMAL EQUATIONS 
2 	 2.938 	 STOCHASTIC GRADIENT DESCENT 
3 	 2.230 	 DIAGNOSTICS & PLOTS 
4 	 0.049 	 FEATURE GENERATION 
5 	 0.017 	 PLACEHOLDER FOR LASSO REGRESSION 
6 	 0.005 	 FEATURE SELECTION 
7 	 0.014 	 PLACEHOLDER FOR RIDGE REGRESSION W/O ALPHA SEARCH NOR CV 
8 	 0.013 	 ORDINARY LEAST SQUARES 
--------------------------------------------------------------------------------
