
[1] "               START: "
   user  system elapsed 
  0.007   0.001   0.008 

























































































































        ----------------------------------------------------------------
[1] "BostonHousing, R:N REGRESSION NUMERICAL"
        ----------------------------------------------------------------
        ----------------------------------------------------------------
[1] "DF STATS: 506x13 [data.frame w/ 13 elems]"

[1] "ORIGINAL no dimensionality reduction: [506 x 13]"
[1] "APPLIED: missingcase() reduction: [506 x 13]"
[1] "APPLIED: subsampling() reduction: [256 x 13]"
[1] 13

------------------------------------------------------------------------
------------------------------------------------------------------------
'data.frame':	256 obs. of  12 variables:
 $ crim   : num  0.149 0.114 0.229 0.171 0.128 ...
 $ zn     : num  0 0 0 0 0 12.5 0 0 0 0 ...
 $ indus  : num  8.56 8.56 8.56 8.56 8.56 ...
 $ nox    : num  0.52 0.52 0.52 0.52 0.52 0.524 0.52 0.52 0.547 0.547 ...
 $ rm     : num  6.73 6.78 6.41 5.84 6.47 ...
 $ age    : num  79.9 71.3 85.4 91.9 97.1 94.3 91.2 54.4 81.6 92.9 ...
 $ dis    : num  2.78 2.86 2.71 2.21 2.43 ...
 $ rad    : num  5 5 5 5 5 5 5 5 6 6 ...
 $ tax    : num  384 384 384 384 384 311 384 384 432 432 ...
 $ ptratio: num  20.9 20.9 20.9 20.9 20.9 15.2 20.9 20.9 17.8 17.8 ...
 $ b      : num  394.8 395.6 70.8 395.7 395.2 ...
 $ lstat  : num  9.42 7.67 10.63 18.66 12.27 ...
[1] "APPLIED: correlation() reduction: [256 x 12]"
medv ~ .
<environment: 0xc7c025c>
        attr_importance row.names(weights)
lstat         0.8479972              lstat
rm            0.5854360                 rm
indus         0.5661563              indus
ptratio       0.5392540            ptratio
tax           0.5219643                tax
crim          0.5173615               crim
nox           0.5102415                nox
age           0.5026543                age
dis           0.4243387                dis
zn            0.4132895                 zn
rad           0.3253631                rad
b             0.2257098                  b
[1] "WARNING: apparently, too many variables selected, rerunning to reduce from 10 to 5"

[1] "subset <- cutoff.k(weights <- rank.correlation(~, d), 10): "                                 
[2] "subset <- cutoff.k(weights <- rank.correlation(medv, d), 10): "                              
[3] "subset <- cutoff.k(weights <- rank.correlation(lstat + rm + indus + ptratio + tax, d), 10): "
   user  system elapsed 
  0.094   0.035   0.134 

medv ~ lstat + rm + indus + ptratio + tax
<environment: 0xb4cfce4>
------------------------------------------------------------------------










        ----------------------------------------------------------------
[1] "BostonHousing, R:N REGRESSION NUMERICAL"
        ----------------------------------------------------------------
        ----------------------------------------------------------------
[1] "DF STATS: 506x13 [data.frame w/ 13 elems]"

[1] "ORIGINAL no dimensionality reduction: [506 x 13]"
[1] "APPLIED: missingcase() reduction: [506 x 13]"
[1] "APPLIED: subsampling() reduction: [256 x 13]"
[1] 13

------------------------------------------------------------------------
------------------------------------------------------------------------
'data.frame':	256 obs. of  12 variables:
 $ crim   : num  0.149 0.212 0.14 0.108 0.101 ...
 $ zn     : num  0 0 0 0 0 0 0 0 0 0 ...
 $ indus  : num  8.56 8.56 8.56 8.56 10.01 ...
 $ nox    : num  0.52 0.52 0.52 0.52 0.547 0.547 0.547 0.547 0.581 0.581 ...
 $ rm     : num  6.73 6.14 6.17 6.2 6.71 ...
 $ age    : num  79.9 87.4 90 54.4 81.6 72.5 73.1 65.2 84.1 97 ...
 $ dis    : num  2.78 2.71 2.42 2.78 2.68 ...
 $ rad    : num  5 5 5 5 6 6 6 6 2 2 ...
 $ tax    : num  384 384 384 384 432 432 432 432 188 188 ...
 $ ptratio: num  20.9 20.9 20.9 20.9 17.8 17.8 17.8 17.8 19.1 19.1 ...
 $ b      : num  395 394 393 393 396 ...
 $ lstat  : num  9.42 13.44 12.33 13 10.16 ...
[1] "APPLIED: correlation() reduction: [256 x 12]"
medv ~ .
<environment: 0xc1c43a0>
        attr_importance row.names(weights)
lstat         0.7493401              lstat
rm            0.6732375                 rm
ptratio       0.5648769            ptratio
indus         0.5345607              indus
tax           0.5326655                tax
nox           0.4940068                nox
rad           0.4608525                rad
age           0.4336796                age
crim          0.4321879               crim
zn            0.3964743                 zn
b             0.3322694                  b
dis           0.3230893                dis
[1] "WARNING: apparently, too many variables selected, rerunning to reduce from 10 to 5"

[1] "subset <- cutoff.k(weights <- linear.correlation(~, d), 10): "                                 
[2] "subset <- cutoff.k(weights <- linear.correlation(medv, d), 10): "                              
[3] "subset <- cutoff.k(weights <- linear.correlation(lstat + rm + ptratio + indus + tax, d), 10): "
   user  system elapsed 
  0.141   0.069   0.220 

medv ~ lstat + rm + ptratio + indus + tax
<environment: 0xaca6d2c>
------------------------------------------------------------------------






























        ----------------------------------------------------------------
[1] "HouseVotes84, C:F CLASSIFICATION FACTORS"
        ----------------------------------------------------------------
        ----------------------------------------------------------------
[1] "DF STATS: 435x17 [data.frame w/ 17 elems]"

[1] "ORIGINAL no dimensionality reduction: [435 x 17]"
[1] "APPLIED: missingcase() reduction: [232 x 17]"
[1] "APPLIED: subsampling() reduction: [232 x 17]"
Class ~ .
<environment: 0xa99486c>
    attr_importance row.names(weights)
V4       0.94042449                 V4
V5       0.75434730                 V5
V12      0.72281959                V12
V3       0.69704104                 V3
V8       0.68109983                 V8
V14      0.66048662                V14
V9       0.65010010                 V9
V13      0.55344908                V13
V15      0.50157070                V15
V7       0.49761051                 V7
V6       0.44415783                 V6
V1       0.38055098                 V1
V11      0.36799217                V11
V16      0.35542819                V16
V10      0.04194147                V10
V2       0.02062241                 V2
[1] "WARNING: apparently, too many variables selected, rerunning to reduce from 10 to 6"

[1] "subset <- cutoff.k(weights <- chi.squared(~, d), 10): "                            
[2] "subset <- cutoff.k(weights <- chi.squared(Class, d), 10): "                        
[3] "subset <- cutoff.k(weights <- chi.squared(V4 + V5 + V12 + V3 + V8 + V14, d), 10): "
   user  system elapsed 
  0.430   0.089   0.531 

Class ~ V4 + V5 + V12 + V3 + V8 + V14
<environment: 0xa676010>
------------------------------------------------------------------------










        ----------------------------------------------------------------
[1] "HouseVotes84, C:F CLASSIFICATION FACTORS"
        ----------------------------------------------------------------
        ----------------------------------------------------------------
[1] "DF STATS: 435x17 [data.frame w/ 17 elems]"

[1] "ORIGINAL no dimensionality reduction: [435 x 17]"
[1] "APPLIED: missingcase() reduction: [232 x 17]"
[1] "APPLIED: subsampling() reduction: [232 x 17]"
Class ~ .
<environment: 0xa197f04>
    attr_importance row.names(weights)
V4       0.93263551                 V4
V5       0.75074680                 V5
V12      0.71695581                V12
V3       0.69078722                 V3
V14      0.68144923                V14
V8       0.67384173                 V8
V9       0.64290546                 V9
V13      0.54876689                V13
V15      0.51213558                V15
V7       0.49174673                 V7
V6       0.45633400                 V6
V16      0.45039314                V16
V11      0.38032043                V11
V1       0.37955289                 V1
V10      0.06745353                V10
V2       0.06150071                 V2
[1] "WARNING: apparently, too many variables selected, rerunning to reduce from 10 to 6"

[1] "subset <- cutoff.k(weights <- oneR(~, d), 10): "                            
[2] "subset <- cutoff.k(weights <- oneR(Class, d), 10): "                        
[3] "subset <- cutoff.k(weights <- oneR(V4 + V5 + V12 + V3 + V14 + V8, d), 10): "
   user  system elapsed 
  0.731   0.101   0.849 

Class ~ V4 + V5 + V12 + V3 + V14 + V8
<environment: 0xbcc7588>
------------------------------------------------------------------------






























        ----------------------------------------------------------------
[1] "iris, C:N CLASSIFICATION NUMERICAL"
        ----------------------------------------------------------------
        ----------------------------------------------------------------
[1] "DF STATS: 150x5 [data.frame w/ 5 elems]"

[1] "ORIGINAL no dimensionality reduction: [150 x 5]"
[1] "APPLIED: missingcase() reduction: [150 x 5]"
[1] "APPLIED: subsampling() reduction: [150 x 5]"
[1] 5

------------------------------------------------------------------------
------------------------------------------------------------------------
'data.frame':	150 obs. of  4 variables:
 $ Sepal.Length: num  5.1 4.9 5.7 6.3 5.8 7.1 6.3 6.5 7.6 4.9 ...
 $ Sepal.Width : num  3.5 3.1 2.8 3.3 2.7 3 2.9 3 3 2.5 ...
 $ Petal.Length: num  1.4 1.5 4.1 6 5.1 5.9 5.6 5.8 6.6 4.5 ...
 $ Petal.Width : num  0.2 0.1 1.3 2.5 1.9 2.1 1.8 2.2 2.1 1.7 ...
[1] "APPLIED: correlation() reduction: [150 x 4]"
Species ~ .
<environment: 0xcc94c94>
             attr_importance row.names(weights)
Petal.Width        0.8713692        Petal.Width
Petal.Length       0.8584937       Petal.Length
Sepal.Length       0.4196464       Sepal.Length
Sepal.Width        0.2472972        Sepal.Width

[1] "subset <- cutoff.k(weights <- gain.ratio(~, d), 3): "                                        
[2] "subset <- cutoff.k(weights <- gain.ratio(Species, d), 3): "                                  
[3] "subset <- cutoff.k(weights <- gain.ratio(Petal.Width + Petal.Length + Sepal.Length, d), 3): "
   user  system elapsed 
  0.840   0.120   0.973 

Species ~ Petal.Width + Petal.Length + Sepal.Length
<environment: 0xbc5b3a8>
------------------------------------------------------------------------










        ----------------------------------------------------------------
[1] "iris, C:N CLASSIFICATION NUMERICAL"
        ----------------------------------------------------------------
        ----------------------------------------------------------------
[1] "DF STATS: 150x5 [data.frame w/ 5 elems]"

[1] "ORIGINAL no dimensionality reduction: [150 x 5]"
[1] "APPLIED: missingcase() reduction: [150 x 5]"
[1] "APPLIED: subsampling() reduction: [150 x 5]"
[1] 5

------------------------------------------------------------------------
------------------------------------------------------------------------
'data.frame':	150 obs. of  4 variables:
 $ Sepal.Length: num  5.1 4.9 5.7 6.3 5.8 7.1 6.3 6.5 7.6 4.9 ...
 $ Sepal.Width : num  3.5 3.1 2.8 3.3 2.7 3 2.9 3 3 2.5 ...
 $ Petal.Length: num  1.4 1.5 4.1 6 5.1 5.9 5.6 5.8 6.6 4.5 ...
 $ Petal.Width : num  0.2 0.1 1.3 2.5 1.9 2.1 1.8 2.2 2.1 1.7 ...
[1] "APPLIED: correlation() reduction: [150 x 4]"
Species ~ .
<environment: 0xb43348c>
             attr_importance row.names(weights)
Petal.Width        1.3784027        Petal.Width
Petal.Length       1.3565450       Petal.Length
Sepal.Length       0.6522837       Sepal.Length
Sepal.Width        0.3855963        Sepal.Width

[1] "subset <- cutoff.k(weights <- information.gain(~, d), 3): "                                        
[2] "subset <- cutoff.k(weights <- information.gain(Species, d), 3): "                                  
[3] "subset <- cutoff.k(weights <- information.gain(Petal.Width + Petal.Length + Sepal.Length, d), 3): "
   user  system elapsed 
  0.950   0.137   1.085 

Species ~ Petal.Width + Petal.Length + Sepal.Length
<environment: 0xc5a8418>
------------------------------------------------------------------------










        ----------------------------------------------------------------
[1] "iris, C:N CLASSIFICATION NUMERICAL"
        ----------------------------------------------------------------
        ----------------------------------------------------------------
[1] "DF STATS: 150x5 [data.frame w/ 5 elems]"

[1] "ORIGINAL no dimensionality reduction: [150 x 5]"
[1] "APPLIED: missingcase() reduction: [150 x 5]"
[1] "APPLIED: subsampling() reduction: [150 x 5]"
[1] 5

------------------------------------------------------------------------
------------------------------------------------------------------------
'data.frame':	150 obs. of  4 variables:
 $ Sepal.Length: num  5.1 4.9 5.7 6.3 5.8 7.1 6.3 6.5 7.6 4.9 ...
 $ Sepal.Width : num  3.5 3.1 2.8 3.3 2.7 3 2.9 3 3 2.5 ...
 $ Petal.Length: num  1.4 1.5 4.1 6 5.1 5.9 5.6 5.8 6.6 4.5 ...
 $ Petal.Width : num  0.2 0.1 1.3 2.5 1.9 2.1 1.8 2.2 2.1 1.7 ...
[1] "APPLIED: correlation() reduction: [150 x 4]"
Species ~ .
<environment: 0xc86ba0c>
             attr_importance row.names(weights)
Petal.Width        0.8705214        Petal.Width
Petal.Length       0.8571872       Petal.Length
Sepal.Length       0.4155563       Sepal.Length
Sepal.Width        0.2452743        Sepal.Width

[1] "subset <- cutoff.k(weights <- symmetrical.uncertainty(~, d), 3): "                                        
[2] "subset <- cutoff.k(weights <- symmetrical.uncertainty(Species, d), 3): "                                  
[3] "subset <- cutoff.k(weights <- symmetrical.uncertainty(Petal.Width + Petal.Length + Sepal.Length, d), 3): "
   user  system elapsed 
  1.050   0.152   1.203 

Species ~ Petal.Width + Petal.Length + Sepal.Length
<environment: 0xa3698cc>
------------------------------------------------------------------------










