------------------------------------------------------------------------
[1] "scaling_transform"   "euclidean distances"
------------------------------------------------------------------------
$minidx
[1] 31

$minval
[1] 0.9355402

$minx
          x1        x2       x3       x4       x5        x6       x7       x8
31 0.3160141 -2.058691 4.933326 2.765862 5.117693 -1.048127 7.124856 3.664479

------------------------------------------------------------------------
------------------------------------------------------------------------
ntries  min_k  avg_k  med_k  std_k  q.75%  max_k 
     5      5      5      5      0      5      5 
[1] "scaling_transform"                "gaussian_probabilities_transform"
[3] "pca_transform"                    "euclidean distances"             
------------------------------------------------------------------------
$minidx
[1] 2466

$minval
[1] 0.06092985

$minx
             x1       x2        x3       x4       x5       x6        x7
2466 -0.5864711 2.444206 -4.438331 3.316473 3.816927 -1.61211 -4.158702
           x8
2466 1.158654

------------------------------------------------------------------------
                 event usertime cputime systime delta
1                START    4.518   0.397   8.512 0.000
2                START    4.528   0.397   8.528 0.016
3        PREPROCESSING    4.545   0.399   8.556 0.028
4              SCALING    4.558   0.399   8.572 0.016
5  EUCLIDEAN DISTANCES    7.336   0.684  11.868 3.296
6        PREPROCESSING    7.533   0.742  12.274 0.406
7              SCALING    7.541   0.744  12.297 0.023
8       GUASSIAN PROBS    7.556   0.745  12.318 0.021
9                  PCA    8.203   0.930  13.222 0.904
10 EUCLIDEAN DISTANCES   10.326   1.136  15.718 2.496
