$TEST_ENABLED
[1] FALSE

$DO_DISTANCE_VALIDATION
[1] FALSE

$RUN_VALIDATE_SGD
[1] FALSE

$TEST_ENABLED
[1] FALSE

$DO_DISTANCE_VALIDATION
[1] FALSE

$RUN_VALIDATE_SGD
[1] FALSE

$TEST_ENABLED
[1] FALSE

$DO_DISTANCE_VALIDATION
[1] FALSE

$RUN_VALIDATE_SGD
[1] FALSE

$TEST_ENABLED
[1] FALSE

$DO_DISTANCE_VALIDATION
[1] FALSE

$RUN_VALIDATE_SGD
[1] FALSE

[1] "V[1] = rnorm( 1000 1 5 )"
[1] "V[2] = rnorm( 1000 1 7 )"
[1] "V[3] = rnorm( 1000 1 4 )"
[1] "V[4] = rnorm( 1000 1 4 )"
[1] "V[5] = rnorm( 1000 1 4 )"
[1] "V[6] = rnorm( 1000 1 7 )"
[1] "V[7] = rnorm( 1000 1 4 )"
[1] "V[8] = rnorm( 1000 1 3 )"
 num [1:1000, 1:8] -0.415 0.654 0.697 -0.268 1.12 ...
 - attr(*, "dimnames")=List of 2
  ..$ : chr [1:1000] "1" "2" "3" "4" ...
  ..$ : chr [1:8] "V1" "V2" "V3" "V4" ...
 - attr(*, "scaled:center")= Named num [1:8] 1.125 0.768 1.113 1.24 0.868 ...
  ..- attr(*, "names")= chr [1:8] "V1" "V2" "V3" "V4" ...
 - attr(*, "scaled:scale")= Named num [1:8] 5.23 6.96 3.89 3.97 3.89 ...
  ..- attr(*, "names")= chr [1:8] "V1" "V2" "V3" "V4" ...
[1] "JCOST [OVERALL AT ITER=    1 ] =  11.6231"
------------------------------------------------------------------------

[1] "ITER:  1   1 DELTA= 5.271;   2 DELTA= 3.885;   3 DELTA=-1.616;   4 DELTA= 1.403;   5 DELTA= 1.339; "
      V1    V2    V3    V4     V5     V6    V7    V8
c1  0.51 -0.69 -0.13  0.86 -0.739 -0.265 -0.34 -1.19
c2 -0.20 -0.62  0.39  0.45  0.069  0.745 -0.70  0.13
c3 -0.37 -0.42 -0.19  0.32  0.079 -0.394  0.80  0.61
c4 -0.25  0.37  0.25 -0.39  0.407 -0.099  0.28 -0.91
c5  0.46  0.56 -0.20 -0.41 -0.219  0.043 -0.38  0.33
------------------------------------------------------------------------
[1] "JCOST [OVERALL AT ITER=    2 ] =   0.0499"
------------------------------------------------------------------------

[1] "ITER:  2   1 DELTA= 1.723;   2 DELTA= 0.607;   3 DELTA=-0.194;   4 DELTA= 0.006;   5 DELTA=-0.198; "
      V1    V2    V3    V4    V5     V6    V7    V8
c1  0.50 -0.62 -0.17  0.72 -0.83 -0.324 -0.11 -0.90
c2 -0.20 -0.57  0.47  0.27  0.28  0.720 -0.78  0.17
c3 -0.40 -0.30 -0.12  0.30  0.16 -0.418  0.83  0.62
c4 -0.39  0.46  0.28 -0.39  0.44 -0.061  0.30 -0.88
c5  0.52  0.58 -0.33 -0.49 -0.25  0.080 -0.35  0.43
------------------------------------------------------------------------
[1] "JCOST [OVERALL AT ITER=    3 ] =   0.0608"
------------------------------------------------------------------------

[1] "ITER:  3   1 DELTA= 0.684;   2 DELTA= 0.235;   3 DELTA=-0.107;   4 DELTA=-0.073;   5 DELTA=-0.211; "
      V1    V2     V3    V4    V5     V6     V7    V8
c1  0.50 -0.53 -0.187  0.67 -0.87 -0.329 -0.024 -0.74
c2 -0.17 -0.53  0.528  0.11  0.38  0.655 -0.833  0.16
c3 -0.45 -0.24 -0.047  0.34  0.22 -0.412  0.840  0.62
c4 -0.46  0.50  0.276 -0.39  0.44 -0.024  0.258 -0.88
c5  0.56  0.58 -0.457 -0.53 -0.26  0.093 -0.281  0.50
------------------------------------------------------------------------
[1] "JCOST [OVERALL AT ITER=    4 ] =   0.0509"
------------------------------------------------------------------------

[1] "ITER:  4   1 DELTA= 0.300;   2 DELTA= 0.085;   3 DELTA=-0.086;   4 DELTA=-0.046;   5 DELTA=-0.112; "
       V1    V2     V3     V4    V5     V6     V7    V8
c1  0.477 -0.50 -0.186  0.648 -0.87 -0.313  0.017 -0.66
c2 -0.092 -0.54  0.569 -0.012  0.43  0.621 -0.834  0.14
c3 -0.478 -0.20  0.026  0.389  0.28 -0.409  0.826  0.64
c4 -0.534  0.57  0.248 -0.352  0.39 -0.059  0.198 -0.89
c5  0.565  0.57 -0.561 -0.560 -0.25  0.131 -0.205  0.53
------------------------------------------------------------------------
[1] "JCOST [OVERALL AT ITER=    5 ] =   0.0502"
------------------------------------------------------------------------

[1] "ITER:  5   1 DELTA= 0.029;   2 DELTA= 0.060;   3 DELTA= 0.032;   4 DELTA=-0.011;   5 DELTA=-0.082; "
       V1    V2     V3     V4    V5     V6     V7    V8
c1  0.481 -0.51 -0.172  0.621 -0.88 -0.316  0.038 -0.66
c2 -0.061 -0.52  0.594 -0.051  0.46  0.576 -0.837  0.12
c3 -0.491 -0.17  0.055  0.415  0.28 -0.388  0.789  0.67
c4 -0.570  0.64  0.224 -0.327  0.30 -0.063  0.171 -0.89
c5  0.596  0.53 -0.634 -0.584 -0.20  0.157 -0.159  0.55
------------------------------------------------------------------------
[1] "JCOST [OVERALL AT ITER=    6 ] =   0.0544"
------------------------------------------------------------------------

[1] "ITER:  6   1 DELTA= 0.022;   2 DELTA= 0.069;   3 DELTA=-0.033;   4 DELTA= 0.003;   5 DELTA=-0.048; "
      V1    V2     V3     V4    V5     V6     V7     V8
c1  0.50 -0.51 -0.163  0.606 -0.87 -0.313  0.057 -0.655
c2 -0.06 -0.53  0.595 -0.095  0.49  0.542 -0.825  0.078
c3 -0.51 -0.15  0.063  0.454  0.27 -0.401  0.762  0.678
c4 -0.57  0.70  0.228 -0.304  0.23 -0.054  0.174 -0.864
c5  0.61  0.49 -0.683 -0.597 -0.17  0.176 -0.134  0.577
------------------------------------------------------------------------
[1] "JCOST [OVERALL AT ITER=    7 ] =   0.0649"
------------------------------------------------------------------------

[1] "ITER:  7   1 DELTA= 0.028;   2 DELTA= 0.055;   3 DELTA= 0.011;   4 DELTA=-0.009;   5 DELTA=-0.078; "
       V1    V2     V3    V4    V5     V6     V7     V8
c1  0.508 -0.52 -0.156  0.60 -0.85 -0.310  0.048 -0.652
c2 -0.045 -0.54  0.596 -0.13  0.49  0.511 -0.807  0.066
c3 -0.514 -0.14  0.048  0.47  0.28 -0.412  0.754  0.674
c4 -0.573  0.77  0.229 -0.30  0.19 -0.056  0.173 -0.848
c5  0.603  0.47 -0.711 -0.59 -0.18  0.217 -0.123  0.593
------------------------------------------------------------------------
[1] "JCOST [OVERALL AT ITER=    8 ] =   0.0610"
------------------------------------------------------------------------

[1] "ITER:  8   1 DELTA= 0.042;   2 DELTA= 0.027;   3 DELTA=-0.006;   4 DELTA=-0.073;   5 DELTA=-0.002; "
       V1    V2     V3    V4    V5     V6     V7     V8
c1  0.504 -0.51 -0.160  0.58 -0.84 -0.312  0.033 -0.660
c2 -0.068 -0.56  0.587 -0.16  0.51  0.479 -0.790  0.028
c3 -0.511 -0.14  0.035  0.48  0.30 -0.431  0.744  0.668
c4 -0.579  0.84  0.255 -0.29  0.14 -0.048  0.190 -0.812
c5  0.609  0.47 -0.707 -0.58 -0.17  0.258 -0.116  0.598
------------------------------------------------------------------------
[1] "JCOST [OVERALL AT ITER=    9 ] =   0.0576"
------------------------------------------------------------------------

[1] "ITER:  9   1 DELTA=-0.013;   2 DELTA= 0.047;   3 DELTA=-0.018;   4 DELTA=-0.043;   5 DELTA= 0.009; "
       V1    V2     V3    V4     V5     V6     V7      V8
c1  0.487 -0.54 -0.174  0.58 -0.821 -0.348  0.017 -0.6630
c2 -0.063 -0.57  0.588 -0.19  0.517  0.480 -0.763  0.0094
c3 -0.513 -0.15  0.021  0.48  0.313 -0.441  0.731  0.6694
c4 -0.573  0.90  0.280 -0.26  0.097 -0.043  0.207 -0.7908
c5  0.606  0.47 -0.707 -0.57 -0.188  0.280 -0.108  0.5865
------------------------------------------------------------------------
[1] "JCOST [OVERALL AT ITER=   10 ] =   0.0582"
------------------------------------------------------------------------

[1] "ITER:  10   1 DELTA= 0.017;   2 DELTA=-0.001;   3 DELTA=-0.007;   4 DELTA=-0.043;   5 DELTA= 0.023; "
       V1    V2     V3    V4     V5     V6      V7     V8
c1  0.483 -0.54 -0.167  0.57 -0.817 -0.367 -0.0033 -0.657
c2 -0.054 -0.57  0.584 -0.22  0.540  0.470 -0.7561 -0.036
c3 -0.518 -0.15  0.023  0.49  0.318 -0.443  0.7095  0.675
c4 -0.595  0.93  0.282 -0.25  0.066 -0.028  0.2325 -0.770
c5  0.606  0.46 -0.701 -0.56 -0.188  0.295 -0.0936  0.592
------------------------------------------------------------------------
[1] "JCOST [OVERALL AT ITER=   11 ] =   0.0555"
------------------------------------------------------------------------

[1] "ITER:  11   1 DELTA= 0.015;   2 DELTA=-0.023;   3 DELTA= 0.039;   4 DELTA= 0.004;   5 DELTA=-0.028; "
       V1    V2     V3    V4     V5     V6     V7     V8
c1  0.474 -0.55 -0.170  0.57 -0.814 -0.376 -0.032 -0.648
c2 -0.044 -0.56  0.604 -0.24  0.564  0.481 -0.736 -0.062
c3 -0.512 -0.15  0.017  0.48  0.329 -0.462  0.676  0.692
c4 -0.593  0.93  0.278 -0.24  0.038 -0.013  0.254 -0.759
c5  0.608  0.46 -0.710 -0.56 -0.200  0.314 -0.090  0.583
------------------------------------------------------------------------
[1] "JCOST [OVERALL AT ITER=   12 ] =   0.0563"
------------------------------------------------------------------------

[1] "ITER:  12   1 DELTA= 0.015;   2 DELTA=-0.005;   3 DELTA=-0.010;   4 DELTA= 0.009;   5 DELTA=-0.003; "
       V1    V2     V3    V4     V5      V6     V7     V8
c1  0.459 -0.54 -0.169  0.57 -0.819 -0.3917 -0.058 -0.628
c2 -0.034 -0.56  0.609 -0.24  0.582  0.4818 -0.732 -0.081
c3 -0.511 -0.16  0.019  0.49  0.339 -0.4626  0.658  0.696
c4 -0.593  0.93  0.271 -0.24  0.018  0.0067  0.298 -0.751
c5  0.608  0.46 -0.710 -0.56 -0.200  0.3137 -0.090  0.583
------------------------------------------------------------------------
[1] "JCOST [OVERALL AT ITER=   13 ] =   0.0564"
------------------------------------------------------------------------

[1] "ITER:  13   1 DELTA= 0.013;   2 DELTA= 0.004;   3 DELTA=-0.042;   4 DELTA= 0.033;   5 DELTA= 0.004; "
       V1    V2      V3    V4     V5     V6     V7     V8
c1  0.459 -0.54 -0.1593  0.57 -0.814 -0.406 -0.076 -0.615
c2 -0.034 -0.56  0.6090 -0.24  0.582  0.482 -0.732 -0.081
c3 -0.511 -0.16  0.0066  0.49  0.349 -0.460  0.663  0.709
c4 -0.598  0.92  0.2713 -0.22  0.013  0.011  0.322 -0.748
c5  0.608  0.46 -0.7105 -0.56 -0.200  0.314 -0.090  0.583
------------------------------------------------------------------------
[1] "JCOST [OVERALL AT ITER=   14 ] =   0.0564"
------------------------------------------------------------------------

[1] "ITER:  14   1 DELTA=-0.015;   2 DELTA= 0.038;   3 DELTA=-0.015;   4 DELTA=-0.001;   5 DELTA=-0.013; "
       V1    V2      V3    V4      V5      V6     V7     V8
c1  0.460 -0.53 -0.1696  0.56 -0.8179 -0.4141 -0.082 -0.613
c2 -0.041 -0.56  0.6092 -0.25  0.5828  0.4885 -0.722 -0.095
c3 -0.510 -0.17  0.0049  0.50  0.3494 -0.4629  0.658  0.711
c4 -0.586  0.93  0.2758 -0.22 -0.0011  0.0059  0.351 -0.733
c5  0.606  0.45 -0.7161 -0.55 -0.1968  0.3117 -0.102  0.586
------------------------------------------------------------------------
[1] "JCOST [OVERALL AT ITER=   15 ] =   0.0566"
------------------------------------------------------------------------

[1] "ITER:  15   1 DELTA=-0.002;   2 DELTA= 0.016;   3 DELTA=-0.042;   4 DELTA= 0.035;   5 DELTA=-0.002; "
       V1    V2      V3    V4     V5     V6     V7    V8
c1  0.454 -0.53 -0.1761  0.56 -0.816 -0.423 -0.085 -0.61
c2 -0.054 -0.57  0.6003 -0.26  0.588  0.484 -0.721 -0.11
c3 -0.507 -0.17  0.0037  0.51  0.365 -0.467  0.642  0.72
c4 -0.567  0.93  0.2871 -0.21 -0.023  0.012  0.383 -0.70
c5  0.606  0.45 -0.7161 -0.55 -0.197  0.312 -0.102  0.59
------------------------------------------------------------------------
[1] "JCOST [OVERALL AT ITER=   16 ] =   0.0569"
------------------------------------------------------------------------

[1] "ITER:  16   1 DELTA=-0.012;   2 DELTA=-0.018;   3 DELTA= 0.018;   4 DELTA= 0.050;   5 DELTA=-0.023; "
       V1    V2      V3    V4     V5     V6     V7    V8
c1  0.451 -0.53 -0.1857  0.56 -0.812 -0.439 -0.087 -0.60
c2 -0.064 -0.58  0.6056 -0.26  0.585  0.494 -0.723 -0.13
c3 -0.512 -0.18  0.0087  0.51  0.368 -0.460  0.622  0.73
c4 -0.523  0.95  0.2817 -0.19 -0.019  0.012  0.404 -0.69
c5  0.606  0.43 -0.7204 -0.56 -0.205  0.317 -0.116  0.60
------------------------------------------------------------------------
[1] "JCOST [OVERALL AT ITER=   17 ] =   0.0574"
------------------------------------------------------------------------

[1] "ITER:  17   1 DELTA= 0.013;   2 DELTA=-0.010;   3 DELTA=-0.010;   4 DELTA= 0.010;   5 DELTA= 0.002; "
       V1    V2      V3    V4     V5     V6     V7    V8
c1  0.447 -0.52 -0.1912  0.56 -0.809 -0.441 -0.092 -0.60
c2 -0.062 -0.58  0.6119 -0.27  0.585  0.496 -0.719 -0.13
c3 -0.512 -0.19  0.0092  0.51  0.367 -0.463  0.619  0.73
c4 -0.523  0.95  0.2797 -0.18 -0.016  0.012  0.409 -0.69
c5  0.605  0.43 -0.7181 -0.56 -0.200  0.321 -0.119  0.60
------------------------------------------------------------------------
[1] "JCOST [OVERALL AT ITER=   18 ] =   0.0574"
------------------------------------------------------------------------

[1] "ITER:  18   1 DELTA=-0.000;   2 DELTA= 0.002;   3 DELTA=-0.009;   4 DELTA= 0.021;   5 DELTA=-0.010; "
       V1    V2      V3    V4     V5    V6     V7    V8
c1  0.447 -0.52 -0.1912  0.56 -0.809 -0.44 -0.092 -0.60
c2 -0.062 -0.58  0.6119 -0.27  0.585  0.50 -0.719 -0.13
c3 -0.514 -0.19  0.0051  0.51  0.368 -0.46  0.612  0.74
c4 -0.515  0.95  0.2766 -0.18 -0.019  0.01  0.431 -0.68
c5  0.604  0.43 -0.7175 -0.56 -0.198  0.32 -0.134  0.60
------------------------------------------------------------------------
[1] "JCOST [OVERALL AT ITER=   19 ] =   0.0575"
------------------------------------------------------------------------

[1] "ITER:  19   1 DELTA=-0.001;   2 DELTA= 0.000;   3 DELTA=-0.010;   4 DELTA= 0.011;   5 DELTA= 0.000; "
       V1    V2      V3    V4     V5      V6     V7    V8
c1  0.447 -0.52 -0.1912  0.56 -0.809 -0.4413 -0.092 -0.60
c2 -0.062 -0.58  0.6119 -0.27  0.585  0.4965 -0.719 -0.13
c3 -0.517 -0.19  0.0071  0.51  0.368 -0.4650  0.610  0.74
c4 -0.511  0.95  0.2730 -0.18 -0.017  0.0086  0.434 -0.68
c5  0.604  0.43 -0.7175 -0.56 -0.198  0.3236 -0.134  0.60
------------------------------------------------------------------------
[1] "JCOST [OVERALL AT ITER=   20 ] =   0.0575"
------------------------------------------------------------------------

[1] "ITER:  20   1 DELTA= 0.012;   2 DELTA= 0.000;   3 DELTA=-0.022;   4 DELTA= 0.010;   5 DELTA= 0.001; "
       V1    V2     V3    V4     V5      V6     V7    V8
c1  0.446 -0.53 -0.196  0.56 -0.805 -0.4411 -0.086 -0.60
c2 -0.062 -0.58  0.612 -0.27  0.585  0.4965 -0.719 -0.13
c3 -0.520 -0.19  0.013  0.51  0.376 -0.4683  0.609  0.75
c4 -0.511  0.95  0.271 -0.17 -0.021  0.0091  0.434 -0.67
c5  0.604  0.43 -0.717 -0.56 -0.198  0.3236 -0.134  0.60
------------------------------------------------------------------------
[1] "JCOST [OVERALL AT ITER=   21 ] =   0.0576"
------------------------------------------------------------------------

[1] "ITER:  21   1 DELTA= 0.000;   2 DELTA= 0.000;   3 DELTA= 0.000;   4 DELTA= 0.000;   5 DELTA= 0.000; "
       V1    V2     V3    V4     V5      V6     V7    V8
c1  0.446 -0.53 -0.196  0.56 -0.805 -0.4411 -0.086 -0.60
c2 -0.062 -0.58  0.612 -0.27  0.585  0.4965 -0.719 -0.13
c3 -0.520 -0.19  0.013  0.51  0.376 -0.4683  0.609  0.75
c4 -0.511  0.95  0.271 -0.17 -0.021  0.0091  0.434 -0.67
c5  0.604  0.43 -0.717 -0.56 -0.198  0.3236 -0.134  0.60
------------------------------------------------------------------------
------------------------------------------------------------------------
------------------------------------------------------------------------
[1] "CONVERGED (CENTROID MOVEMENT): ITER=    21 DELTA=  0.0000   0.0576 [EPSILON=0.005]"
[2] "CONVERGED (CENTROID MOVEMENT): ITER=    21 DELTA=  0.0000   0.0576 [EPSILON=0.005]"
[3] "CONVERGED (CENTROID MOVEMENT): ITER=    21 DELTA=  0.0000   0.0576 [EPSILON=0.005]"
[4] "CONVERGED (CENTROID MOVEMENT): ITER=    21 DELTA=  0.0000   0.0576 [EPSILON=0.005]"
[5] "CONVERGED (CENTROID MOVEMENT): ITER=    21 DELTA=  0.0000   0.0576 [EPSILON=0.005]"
------------------------------------------------------------------------
------------------------------------------------------------------------
------------------------------------------------------------------------
[1] "CONVERGED (CENTROID MOVEMENT): ITER=    21 DELTA=  0.0000   0.0576 [EPSILON=0.005]"
[2] "CONVERGED (CENTROID MOVEMENT): ITER=    21 DELTA=  0.0000   0.0576 [EPSILON=0.005]"
[3] "CONVERGED (CENTROID MOVEMENT): ITER=    21 DELTA=  0.0000   0.0576 [EPSILON=0.005]"
[4] "CONVERGED (CENTROID MOVEMENT): ITER=    21 DELTA=  0.0000   0.0576 [EPSILON=0.005]"
[5] "CONVERGED (CENTROID MOVEMENT): ITER=    21 DELTA=  0.0000   0.0576 [EPSILON=0.005]"
------------------------------------------------------------------------
------------------------------------------------------------------------
------------------------------------------------------------------------
