------------------------------------------------------------------------
[1] "X comprises: 400 samples sets from 5 normal random sources across a 2 dimensional space"
[1] "MU[1]=0.00" "MU[2]=1.00" "MU[3]=2.00" "MU[4]=3.00" "MU[5]=4.00"
[1] "SD[1]=0.30" "SD[2]=0.30" "SD[3]=0.30" "SD[4]=0.30" "SD[5]=0.30"
------------------------------------------------------------------------
[1] "0.01 3 31.6227766016838"
[1] "0.02 4 31.6227766016838"
[1] "0.03 5.00999999999999 31.6227766016838"
[1] "0.04 8 31.6227766016838"
[1] "0.05 10 31.6227766016838"
[1] "0.06 12 31.6227766016838"
[1] "0.07 15 31.6227766016838"
[1] "0.08 18.01 31.6227766016838"
[1] "0.09 21 31.6227766016838"
[1] "0.1 25.01 31.6227766016838"
[1] "0.11 30 31.6227766016838"
[1] "0.12 35.01 31.6227766016838"
------------------------------------------------------------------------
[1] "FINAL EPSILON= 0.202 NOISE THRESHOLD= 5 NOISE= 16 |C|= 4 SUM(WSS)= 816.03 AVG(WSS)= 1.48 AVG(ICD)= 1.2 METRIC= 3282.93"
VISITED
  0   1   2   3 
 16 593 191 200 
------------------------------------------------------------------------

------------------------------------------------------------------------
[1] "FINAL EPSILON= 0.263 NOISE THRESHOLD= 10 NOISE= 23 |C|= 6 SUM(WSS)= 75.81 AVG(WSS)= 0.39 AVG(ICD)= 1.41 METRIC= 460.36"
VISITED
  0   1   2   3   4   5 
 23 194 191 202 194 196 
------------------------------------------------------------------------

------------------------------------------------------------------------
[1] "FINAL EPSILON= 0.263 NOISE THRESHOLD= 15 NOISE= 29 |C|= 6 SUM(WSS)= 74.41 AVG(WSS)= 0.38 AVG(ICD)= 1.41 METRIC= 451.8"
VISITED
  0   1   2   3   4   5 
 29 194 191 191 194 201 
------------------------------------------------------------------------

------------------------------------------------------------------------
[1] "FINAL EPSILON= 0.263 NOISE THRESHOLD= 20 NOISE= 47 |C|= 6 SUM(WSS)= 69.92 AVG(WSS)= 0.37 AVG(ICD)= 1.43 METRIC= 424.13"
VISITED
  0   1   2   3   4   5 
 47 194 191 191 194 183 
------------------------------------------------------------------------

