------------------------------------------------------------------------
------------------------------------------------------------------------
        ----------------------------------------------------------------
[1] "DF STATS: 144x3 [data.frame w/ 3 elems]"

------------------------------------------------------------------------
 Sex         Bwt            Hwt       
 F:47   Min.   :2.00   Min.   : 6.30  
 M:97   1st Qu.:2.30   1st Qu.: 8.95  
        Median :2.70   Median :10.10  
        Mean   :2.72   Mean   :10.63  
        3rd Qu.:3.02   3rd Qu.:12.12  
        Max.   :3.90   Max.   :20.50  
------------------------------------------------------------------------

------------------------------------------------------------------------
[1] "FORMULA:"
[1] "Hwt ~  Bwt "

------------------------------------------------------------------------
[1] "VERIFY: LINEAR_MODEL_ASSUMPTIONS"
------------------------------------------------------------------------
------------------------------------------------------------------------
[1] "WRT SAMPLES:"
[1] "Bwt"
[1] "ARE_SAMPLES_MEANINGFULLY_CORRELATED?"
[1] "(TRUE,        0): ACCEPT H1: where H1 is, that true correlation [Pearson's product-moment correlation,two.sided] is NOT equal to 0"
------------------------------------------------------------------------
[1] "WRT RESIDUALS:"
[1] "COULD_THIS_VALUE_BE_A_REPRESENTATIVE_SAMPLE_MEAN_OF_THIS_SOURCE?"
[1] "(TRUE,        1): REJECT H1: that true mean of X is not equal to [0]; mean is [ -0.0000]?"
------------------------------------------------------------------------
[1] "WRT RESIDUALS:"
[1] "ARE_THEY_NORMALLY_DISTRIBUTED?"
[1] "(TRUE,  0.10461): REJECT H1 -- which claims X is NOT normally distributed"
------------------------------------------------------------------------
[1] "WRT RESIDUALS:"
[1] "RESIDUAL OUTLIER ANALYSIS"
[1] "NUMBER OF SIGMA LEVELS USED: 3 SIGMAS (99.9%)"
[1] "NUMBER OF OUTLIER RESIDUALS: 1 (0.69% of samples)"
[1] "SAMPLES ASSOC. W/ OUTLIERS :  144"
------------------------------------------------------------------------
[1] "WRT RESIDUALS:"
[1] "ARE_VARIANCES_EQUAL?"
[1] "(TRUE,   0.9655): REJECT H1 -- which claims ratio of variances is NOT 1"
------------------------------------------------------------------------
[1] "WRT RESIDUALS:"
[1] "COULD_THERE_BE_PREDICTIVE_POWER_REMAINING_IN_THE_RESIDUALS?"
[1] "(FALSE,   0): THAT IS, REJECT H1=[THERE IS A STATISTICALLY SIGNIFICANT RELATIONSHIP BETWEEN RESIDUALS ACROSS NEARBY LAGS] "
------------------------------------------------------------------------
[1] "WRT RESIDUALS:"
[1] "ARE_THERE_RUNLENGTH_PATTERNS_IN_THE_RESIDUALS?"
[1] "(FALSE, 0) NO RUNLENGTHS OF LENGTH GREATER THAN 3 FOUND"
------------------------------------------------------------------------
[1] "RStudio"       "--interactive"
