$TEST_ENABLED
[1] FALSE

$DO_DBTEST
[1] FALSE

$DO_DISTANCE_VALIDATION
[1] FALSE

$RUN_VALIDATE_SGD
[1] FALSE

$TEST_ENABLED
[1] FALSE

$DO_DBTEST
[1] FALSE

$DO_DISTANCE_VALIDATION
[1] FALSE

$RUN_VALIDATE_SGD
[1] FALSE

$TEST_ENABLED
[1] FALSE

$DO_DBTEST
[1] FALSE

$DO_DISTANCE_VALIDATION
[1] FALSE

$RUN_VALIDATE_SGD
[1] FALSE

------------------------------------------------------------------------
[1] "X comprises: 1500 samples sets from 5 normal random sources across a 4 dimensional space"
[1] "MU[1]=0.00" "MU[2]=1.00" "MU[3]=2.00" "MU[4]=3.00" "MU[5]=4.00"
[1] "SD[1]=0.50" "SD[2]=0.50" "SD[3]=0.50" "SD[4]=0.50" "SD[5]=0.50"
------------------------------------------------------------------------
character(0)
       V1             V2             V3             V4      
 Min.   :-1.9   Min.   :-1.4   Min.   :-1.0   Min.   :-1.7  
 1st Qu.:-0.4   1st Qu.:-0.4   1st Qu.:-0.3   1st Qu.:-0.3  
 Median : 0.0   Median : 0.0   Median : 0.0   Median : 0.0  
 Mean   : 0.0   Mean   :-0.1   Mean   : 0.0   Mean   : 0.0  
 3rd Qu.: 0.3   3rd Qu.: 0.2   3rd Qu.: 0.4   3rd Qu.: 0.3  
 Max.   : 1.6   Max.   : 1.1   Max.   : 1.4   Max.   : 1.3  
------------------------------------------------------------------------
[1] "CLUSTER #2:    MU[2]=1.00      SD[2]=0.50"
       V1             V2          V3          V4   
 Min.   :-1.9   Min.   :3   Min.   :2   Min.   :3  
 1st Qu.:-0.4   1st Qu.:4   1st Qu.:4   1st Qu.:4  
 Median : 0.0   Median :4   Median :4   Median :4  
 Mean   : 0.0   Mean   :4   Mean   :4   Mean   :4  
 3rd Qu.: 0.3   3rd Qu.:4   3rd Qu.:4   3rd Qu.:4  
 Max.   : 1.5   Max.   :5   Max.   :5   Max.   :5  
------------------------------------------------------------------------
[1] "CLUSTER #2:    MU[2]=1.00      SD[2]=0.50"
       V1          V2          V3            V4     
 Min.   :0   Min.   :0   Min.   :0.9   Min.   :0.7  
 1st Qu.:2   1st Qu.:2   1st Qu.:1.7   1st Qu.:1.6  
 Median :2   Median :2   Median :2.0   Median :1.9  
 Mean   :2   Mean   :2   Mean   :2.0   Mean   :1.9  
 3rd Qu.:2   3rd Qu.:2   3rd Qu.:2.3   3rd Qu.:2.3  
 Max.   :3   Max.   :3   Max.   :3.1   Max.   :3.1  
------------------------------------------------------------------------
[1] "CLUSTER #4:    MU[4]=3.00      SD[4]=0.50"
       V1          V2             V3             V4      
 Min.   :3   Min.   :-1.2   Min.   :-1.5   Min.   :-1.8  
 1st Qu.:4   1st Qu.:-0.3   1st Qu.:-0.3   1st Qu.:-0.3  
 Median :4   Median : 0.0   Median : 0.0   Median : 0.0  
 Mean   :4   Mean   : 0.1   Mean   : 0.0   Mean   : 0.0  
 3rd Qu.:4   3rd Qu.: 0.4   3rd Qu.: 0.3   3rd Qu.: 0.3  
 Max.   :5   Max.   : 1.5   Max.   : 1.3   Max.   : 1.4  
------------------------------------------------------------------------
[1] "CLUSTER #4:    MU[4]=3.00      SD[4]=0.50"
       V1          V2          V3          V4   
 Min.   :3   Min.   :3   Min.   :2   Min.   :2  
 1st Qu.:4   1st Qu.:4   1st Qu.:4   1st Qu.:4  
 Median :4   Median :4   Median :4   Median :4  
 Mean   :4   Mean   :4   Mean   :4   Mean   :4  
 3rd Qu.:4   3rd Qu.:4   3rd Qu.:4   3rd Qu.:4  
 Max.   :5   Max.   :5   Max.   :5   Max.   :5  
------------------------------------------------------------------------
 num [1:1500, 1:4] 0.8527 -0.564 0.3062 -0.0169 -0.0461 ...
------------------------------------------------------------------------
------------------------------------------------------------------------
[1] "1 A 0.452713839914334 0"
[1] "CID=1 CIDNAME=A1   REMAINDER_ROWS=1362    TARGET= 1093 --> NEARBY=  904 905 906 907 908 910 912 913 914 919 920 924 925 926 933 935 937 939 941 943 951 953 954 959 961 963 965 966 969 971 975 977 978 982 983 989 991 992 996 999 1002 1007 1009 1010 1013 1014 1016 1023 1027 1028 1029 1034 1035 1042 1048 1049 1050 1051 1053 1054 1055 1056 1057 1058 1060 1061 1062 1063 1065 1067 1068 1071 1072 1075 1077 1078 1079 1080 1082 1086 1087 1088 1089 1090 1091 1092 1093 1097 1106 1107 1108 1110 1112 1113 1114 1115 1117 1119 1122 1123 1124 1125 1126 1127 1129 1131 1132 1133 1134 1136 1137 1141 1145 1147 1148 1150 1152 1155 1156 1157 1160 1161 1162 1164 1166 1167 1169 1176 1177 1179 1181 1182 1189 1190 1193 1196 1197 1200"
[1] "PROCESSING: CID: A1  w/ D=1363x1363 and X=1363x4"
[1] "CLUSTERNAME A1 TOTAL ELEMENTS: 138"
------------------------------------------------------------------------
[1] "CID=2 CIDNAME=A2   REMAINDER_ROWS=1242    TARGET=  299 --> NEARBY=  2 3 10 15 19 22 24 26 32 36 38 41 43 48 50 51 53 55 57 58 62 65 73 74 75 81 82 83 85 86 93 96 98 99 104 105 107 109 113 114 115 116 121 122 124 125 127 132 133 135 136 138 139 144 145 146 148 149 153 154 156 161 162 163 166 167 168 169 171 172 173 175 178 181 182 186 188 190 192 194 196 197 200 202 203 204 205 210 211 213 226 227 230 232 233 234 243 245 246 247 259 261 262 264 266 267 269 271 272 273 274 278 279 280 286 287 291 293 296 298 299"
[1] "PROCESSING: CID: A2  w/ D=1243x1243 and X=1243x4"
[1] "CLUSTERNAME A2 TOTAL ELEMENTS: 121"
------------------------------------------------------------------------
[1] "CID=3 CIDNAME=A3   REMAINDER_ROWS=1123    TARGET=  711 --> NEARBY=  602 606 608 612 613 614 618 625 627 630 638 642 643 647 648 649 653 655 656 659 662 667 669 670 672 676 680 682 683 685 691 692 695 697 698 699 700 701 705 707 710 711 713 715 716 721 722 728 729 730 735 738 739 741 743 752 753 756 760 761 765 768 771 774 775 778 779 780 784 785 786 788 791 793 794 800 801 802 804 808 809 811 813 821 822 825 828 829 833 835 836 838 842 844 846 847 849 852 853 854 856 857 860 861 867 872 876 879 880 885 886 887 890 893 894 895 896 897 899 900"
[1] "PROCESSING: CID: A3  w/ D=1124x1124 and X=1124x4"
[1] "CLUSTERNAME A3 TOTAL ELEMENTS: 120"
------------------------------------------------------------------------
[1] "CID=4 CIDNAME=A4   REMAINDER_ROWS=1012    TARGET= 1478 --> NEARBY=  1201 1202 1203 1209 1210 1213 1214 1215 1216 1218 1219 1220 1222 1224 1226 1228 1230 1234 1238 1242 1248 1253 1254 1258 1259 1264 1265 1267 1270 1272 1276 1277 1278 1279 1281 1283 1284 1285 1287 1291 1295 1300 1301 1302 1304 1305 1311 1318 1319 1321 1326 1329 1334 1337 1339 1341 1344 1347 1350 1354 1356 1361 1362 1363 1366 1367 1368 1372 1376 1377 1381 1382 1383 1395 1400 1404 1408 1409 1413 1414 1415 1416 1418 1420 1421 1424 1427 1428 1429 1430 1436 1437 1438 1441 1443 1446 1449 1453 1459 1460 1463 1470 1473 1475 1478 1482 1488 1492 1494 1495 1496 1499"
[1] "PROCESSING: CID: A4  w/ D=1013x1013 and X=1013x4"
[1] "CLUSTERNAME A4 TOTAL ELEMENTS: 112"
------------------------------------------------------------------------
[1] "CID=5 CIDNAME=A5   REMAINDER_ROWS=905    TARGET=  514 --> NEARBY=  303 305 306 308 316 319 321 324 325 332 334 335 337 341 346 348 350 352 353 355 356 357 358 363 368 373 375 379 381 389 393 394 395 404 407 410 415 418 420 422 423 424 426 427 428 430 433 434 442 443 445 446 447 448 450 458 460 461 462 464 473 476 477 481 482 486 487 488 490 492 493 494 495 502 505 506 509 513 514 516 520 526 528 531 533 535 538 541 544 552 554 555 557 561 562 567 568 570 572 573 574 577 584 588 589 590 593 595"
[1] "PROCESSING: CID: A5  w/ D=906x906 and X=906x4"
[1] "CLUSTERNAME A5 TOTAL ELEMENTS: 108"
------------------------------------------------------------------------
[1] "CID=6 CIDNAME=A6   REMAINDER_ROWS=872    TARGET=  547 --> NEARBY=  317 323 333 340 345 377 388 396 398 400 401 405 411 419 435 438 452 459 465 467 485 491 508 511 530 536 547 553 564 569 580 581 592 A5"
[1] "PROCESSING: CID: A6  w/ D=873x873 and X=873x4"
[1] "APPENDING SUBSUMED CLUSTER     A6 <--     A5 [ 108 items]"
[1] "CLUSTERNAME A6 TOTAL ELEMENTS: 142"
------------------------------------------------------------------------
[1] "CID=7 CIDNAME=A7   REMAINDER_ROWS=834    TARGET=  724 --> NEARBY=  620 621 632 633 634 637 644 646 651 671 675 679 681 688 696 718 724 726 732 747 755 763 770 772 787 796 816 819 832 839 850 858 868 870 875 883 884 889 891"
[1] "PROCESSING: CID: A7  w/ D=835x835 and X=835x4"
[1] "CLUSTERNAME A7 TOTAL ELEMENTS: 39"
------------------------------------------------------------------------
[1] "CID=8 CIDNAME=A8   REMAINDER_ROWS=805    TARGET=  111 --> NEARBY=  4 7 17 21 25 29 39 45 46 76 79 100 103 111 119 120 137 142 150 160 184 231 237 250 268 270 276 281 290 A2"
[1] "PROCESSING: CID: A8  w/ D=806x806 and X=806x4"
[1] "APPENDING SUBSUMED CLUSTER     A8 <--     A2 [ 121 items]"
[1] "CLUSTERNAME A8 TOTAL ELEMENTS: 151"
------------------------------------------------------------------------
[1] "CID=9 CIDNAME=A9   REMAINDER_ROWS=775    TARGET=  239 --> NEARBY=  1 9 30 49 61 66 90 110 118 131 140 151 157 159 165 176 193 195 199 208 214 228 238 239 240 241 244 251 265 275 284"
[1] "PROCESSING: CID: A9  w/ D=776x776 and X=776x4"
[1] "CLUSTERNAME A9 TOTAL ELEMENTS: 31"
------------------------------------------------------------------------
[1] "CID=10 CIDNAME=A10   REMAINDER_ROWS=745    TARGET= 1486 --> NEARBY=  1204 1245 1246 1252 1257 1280 1282 1292 1297 1299 1303 1320 1327 1333 1343 1346 1360 1369 1379 1384 1399 1401 1403 1444 1454 1468 1480 1486 1490 1493 A4"
[1] "PROCESSING: CID: A10  w/ D=746x746 and X=746x4"
[1] "APPENDING SUBSUMED CLUSTER    A10 <--     A4 [ 112 items]"
[1] "CLUSTERNAME A10 TOTAL ELEMENTS: 143"
------------------------------------------------------------------------
[1] "CID=11 CIDNAME=A11   REMAINDER_ROWS=725    TARGET= 1015 --> NEARBY=  911 917 956 957 968 973 980 1003 1008 1015 1030 1031 1094 1095 1143 1165 1171 1172 1173 1188 1191"
[1] "PROCESSING: CID: A11  w/ D=726x726 and X=726x4"
[1] "CLUSTERNAME A11 TOTAL ELEMENTS: 21"
------------------------------------------------------------------------
[1] "CID=12 CIDNAME=A12   REMAINDER_ROWS=705    TARGET=  660 --> NEARBY=  628 650 660 665 666 677 704 706 720 750 751 757 759 762 803 806 810 814 824 873 878"
[1] "PROCESSING: CID: A12  w/ D=706x706 and X=706x4"
[1] "CLUSTERNAME A12 TOTAL ELEMENTS: 21"
------------------------------------------------------------------------
[1] "CID=13 CIDNAME=A13   REMAINDER_ROWS=685    TARGET= 1184 --> NEARBY=  929 930 938 945 949 952 962 972 995 1004 1021 1033 1039 1046 1100 1101 1105 1121 1144 1180 1184"
[1] "PROCESSING: CID: A13  w/ D=686x686 and X=686x4"
[1] "CLUSTERNAME A13 TOTAL ELEMENTS: 21"
------------------------------------------------------------------------
[1] "CID=14 CIDNAME=A14   REMAINDER_ROWS=665    TARGET= 1452 --> NEARBY=  1227 1237 1268 1274 1313 1331 1338 1357 1389 1391 1398 1405 1406 1407 1423 1435 1445 1447 1452 1455 1481"
[1] "PROCESSING: CID: A14  w/ D=666x666 and X=666x4"
[1] "CLUSTERNAME A14 TOTAL ELEMENTS: 21"
------------------------------------------------------------------------
[1] "CID=15 CIDNAME=A15   REMAINDER_ROWS=645    TARGET= 1440 --> NEARBY=  1208 1229 1232 1240 1247 1256 1266 1314 1316 1365 1370 1378 1390 1392 1425 1426 1440 1456 1458 1465 1487"
[1] "PROCESSING: CID: A15  w/ D=646x646 and X=646x4"
[1] "CLUSTERNAME A15 TOTAL ELEMENTS: 21"
------------------------------------------------------------------------
[1] "CID=16 CIDNAME=A16   REMAINDER_ROWS=621    TARGET=  359 --> NEARBY=  310 330 331 338 339 349 359 361 362 382 385 386 397 408 421 440 441 455 463 468 500 518 522 539 558"
[1] "PROCESSING: CID: A16  w/ D=622x622 and X=622x4"
[1] "CLUSTERNAME A16 TOTAL ELEMENTS: 25"
------------------------------------------------------------------------
------------------------------------------------------------------------
MAPPING
 A1 A10 A11 A12 A13 A14 A15 A16  A2  A3  A4  A5  A6  A7  A8  A9 
138  31  21  21  21  21  21  25 121 120 112 108  34  39  30  31 
------------------------------------------------------------------------
------------------------------------------------------------------------
------------------------------------------------------------------------

[1] "A8 A2"
[1] "A6 A5"
[1] "A10 A4"



------------------------------------------------------------------------
------------------------------------------------------------------------
 [1] "A1"  "A10" "A11" "A12" "A13" "A14" "A15" "A16" "A2"  "A3"  "A4"  "A5"  "A6"  "A7"  "A8"  "A9" 
[1] 1235
------------------------------------------------------------------------
[1] "2 B 0.64840550539038 16"
[1] "CID=1 CIDNAME=B1   REMAINDER_ROWS=1438    TARGET= 1093 --> NEARBY=  901 903 909 921 923 928 932 934 947 948 950 958 964 970 974 976 985 986 993 997 998 1000 1001 1006 1012 1017 1019 1020 1022 1024 1025 1026 1036 1041 1043 1044 1045 1047 1066 1073 1074 1076 1083 1084 1085 1096 1098 1099 1102 1104 1109 1111 1118 1120 1128 1135 1138 1146 1153 1154 1158 1159 1163 1168 1170 1174 1185 1186 1187 1192 1194 1195 A1 A11 A13"
[1] "PROCESSING: CID: B1  w/ D=1439x1439 and X=1439x4"
[1] "APPENDING SUBSUMED CLUSTER     B1 <--     A1 [ 138 items]"
[1] "APPENDING SUBSUMED CLUSTER     B1 <--    A11 [  21 items]"
[1] "APPENDING SUBSUMED CLUSTER     B1 <--    A13 [  21 items]"
[1] "CLUSTERNAME B1 TOTAL ELEMENTS: 255"
------------------------------------------------------------------------
[1] "CID=2 CIDNAME=B2   REMAINDER_ROWS=1366    TARGET=  332 --> NEARBY=  301 302 307 311 315 318 320 326 343 347 351 354 366 367 370 372 374 380 384 387 391 399 402 406 414 417 425 429 432 437 439 449 466 470 472 478 483 496 497 501 504 507 515 519 523 524 525 527 529 534 540 542 545 546 548 551 556 559 560 566 571 576 579 583 585 586 587 596 597 599 600 A6 A16"
[1] "PROCESSING: CID: B2  w/ D=1367x1367 and X=1367x4"
[1] "APPENDING SUBSUMED CLUSTER     B2 <--     A6 [ 142 items]"
[1] "APPENDING SUBSUMED CLUSTER     B2 <--    A16 [  25 items]"
[1] "CLUSTERNAME B2 TOTAL ELEMENTS: 240"
------------------------------------------------------------------------
[1] "CID=3 CIDNAME=B3   REMAINDER_ROWS=1305    TARGET= 1436 --> NEARBY=  1211 1212 1217 1221 1223 1235 1236 1239 1241 1244 1249 1250 1251 1260 1261 1263 1269 1273 1289 1290 1294 1296 1306 1307 1309 1310 1312 1315 1317 1323 1324 1328 1336 1342 1349 1352 1353 1364 1371 1374 1375 1386 1387 1388 1393 1394 1396 1397 1411 1417 1432 1433 1439 1442 1450 1467 1477 1497 1498 A10 A14 A15"
[1] "PROCESSING: CID: B3  w/ D=1306x1306 and X=1306x4"
[1] "APPENDING SUBSUMED CLUSTER     B3 <--    A10 [ 143 items]"
[1] "APPENDING SUBSUMED CLUSTER     B3 <--    A14 [  21 items]"
[1] "APPENDING SUBSUMED CLUSTER     B3 <--    A15 [  21 items]"
[1] "CLUSTERNAME B3 TOTAL ELEMENTS: 247"
------------------------------------------------------------------------
[1] "CID=4 CIDNAME=B4   REMAINDER_ROWS=1237    TARGET=  299 --> NEARBY=  5 11 13 20 28 33 37 40 44 47 54 56 63 64 67 68 69 70 71 72 77 80 92 97 101 102 106 112 117 123 126 143 147 152 158 179 187 191 198 207 212 216 218 219 220 221 222 223 224 225 235 242 248 249 253 254 255 256 260 277 283 285 288 289 292 295 297 A8 A9"
[1] "PROCESSING: CID: B4  w/ D=1238x1238 and X=1238x4"
[1] "APPENDING SUBSUMED CLUSTER     B4 <--     A8 [ 151 items]"
[1] "APPENDING SUBSUMED CLUSTER     B4 <--     A9 [  31 items]"
[1] "CLUSTERNAME B4 TOTAL ELEMENTS: 251"
------------------------------------------------------------------------
[1] "CID=5 CIDNAME=B5   REMAINDER_ROWS=1213    TARGET=  458 --> NEARBY=  304 312 314 327 329 342 360 364 365 369 378 413 416 436 444 456 457 471 474 475 489 537 543 575 B2"
[1] "PROCESSING: CID: B5  w/ D=1214x1214 and X=1214x4"
[1] "APPENDING SUBSUMED CLUSTER     B5 <--     B2 [ 240 items]"
[1] "CLUSTERNAME B5 TOTAL ELEMENTS: 265"
------------------------------------------------------------------------
[1] "CID=6 CIDNAME=B6   REMAINDER_ROWS=1149    TARGET=  835 --> NEARBY=  605 607 619 622 626 639 640 641 645 652 657 658 663 664 668 674 678 686 687 702 703 708 709 717 719 725 731 736 737 742 744 749 754 764 766 773 777 781 782 789 792 795 797 799 817 820 823 826 831 837 840 841 843 862 865 866 871 874 881 882 888 892 A3 A7 A12"
[1] "PROCESSING: CID: B6  w/ D=1150x1150 and X=1150x4"
[1] "APPENDING SUBSUMED CLUSTER     B6 <--     A3 [ 120 items]"
[1] "APPENDING SUBSUMED CLUSTER     B6 <--     A7 [  39 items]"
[1] "APPENDING SUBSUMED CLUSTER     B6 <--    A12 [  21 items]"
[1] "CLUSTERNAME B6 TOTAL ELEMENTS: 245"
------------------------------------------------------------------------
[1] "CID=7 CIDNAME=B7   REMAINDER_ROWS=1129    TARGET=  738 --> NEARBY=  601 609 615 616 617 624 631 654 661 693 694 733 746 790 805 807 815 855 859 864 B6"
[1] "PROCESSING: CID: B7  w/ D=1130x1130 and X=1130x4"
[1] "APPENDING SUBSUMED CLUSTER     B7 <--     B6 [ 245 items]"
[1] "CLUSTERNAME B7 TOTAL ELEMENTS: 266"
------------------------------------------------------------------------
[1] "CID=8 CIDNAME=B8   REMAINDER_ROWS=1109    TARGET= 1258 --> NEARBY=  1205 1207 1243 1255 1286 1322 1335 1345 1358 1380 1410 1451 1461 1466 1469 1474 1476 1479 1491 1500 B3"
[1] "PROCESSING: CID: B8  w/ D=1110x1110 and X=1110x4"
[1] "APPENDING SUBSUMED CLUSTER     B8 <--     B3 [ 247 items]"
[1] "CLUSTERNAME B8 TOTAL ELEMENTS: 268"
------------------------------------------------------------------------
------------------------------------------------------------------------
MAPPING
 A1 A10 A11 A12 A13 A14 A15 A16  A2  A3  A4  A5  A6  A7  A8  A9  B1  B2  B3  B4  B5  B6  B7  B8 
138  31  21  21  21  21  21  25 121 120 112 108  34  39  30  31  75  73  62  69  25  65  21  21 
------------------------------------------------------------------------
------------------------------------------------------------------------
------------------------------------------------------------------------

[1] "B8 B3"  "B8 A10" "B8 A14" "B8 A15" "B8 A4" 
[1] "B7 B6"  "B7 A3"  "B7 A7"  "B7 A12"
[1] "B6 A3"  "B6 A7"  "B6 A12"
[1] "B5 B2"  "B5 A6"  "B5 A16" "B5 A5" 
[1] "B4 A8" "B4 A9" "B4 A2"
[1] "B3 A10" "B3 A14" "B3 A15" "B3 A4" 
[1] "B2 A6"  "B2 A16" "B2 A5" 
[1] "B1 A1"  "B1 A11" "B1 A13"
[1] "A8 A2"
[1] "A6 A5"
[1] "A10 A4"



------------------------------------------------------------------------
------------------------------------------------------------------------
[1] "B1" "B2" "B3" "B4" "B5" "B6" "B7" "B8"
[1] 2037
------------------------------------------------------------------------
[1] "3 C 0.844097170866427 24"
[1] "CID=1 CIDNAME=C1   REMAINDER_ROWS=1478    TARGET= 1093 --> NEARBY=  902 915 916 918 922 931 936 940 942 946 955 960 967 979 981 984 987 988 990 994 1011 1018 1032 1037 1038 1040 1052 1059 1064 1069 1081 1103 1116 1140 1151 1175 1178 1183 1198 B1"
[1] "PROCESSING: CID: C1  w/ D=1479x1479 and X=1479x4"
[1] "APPENDING SUBSUMED CLUSTER     C1 <--     B1 [ 255 items]"
[1] "CLUSTERNAME C1 TOTAL ELEMENTS: 295"
------------------------------------------------------------------------
[1] "CID=2 CIDNAME=C2   REMAINDER_ROWS=1450    TARGET=  738 --> NEARBY=  603 604 610 611 623 629 635 636 684 690 714 723 727 734 740 745 748 758 767 769 783 798 812 830 834 845 848 869 B7"
[1] "PROCESSING: CID: C2  w/ D=1451x1451 and X=1451x4"
[1] "APPENDING SUBSUMED CLUSTER     C2 <--     B7 [ 266 items]"
[1] "CLUSTERNAME C2 TOTAL ELEMENTS: 295"
------------------------------------------------------------------------
[1] "CID=3 CIDNAME=C3   REMAINDER_ROWS=1407    TARGET=   32 --> NEARBY=  6 8 12 16 18 23 31 34 35 42 59 60 78 84 87 89 94 95 108 128 130 134 141 155 164 170 174 177 183 185 201 206 209 215 229 236 252 257 258 263 282 294 300 B4"
[1] "PROCESSING: CID: C3  w/ D=1408x1408 and X=1408x4"
[1] "APPENDING SUBSUMED CLUSTER     C3 <--     B4 [ 251 items]"
[1] "CLUSTERNAME C3 TOTAL ELEMENTS: 295"
------------------------------------------------------------------------
[1] "CID=4 CIDNAME=C4   REMAINDER_ROWS=1382    TARGET=  458 --> NEARBY=  322 336 371 376 390 431 453 454 469 479 480 484 499 503 510 512 517 549 550 563 565 578 582 591 594 B5"
[1] "PROCESSING: CID: C4  w/ D=1383x1383 and X=1383x4"
[1] "APPENDING SUBSUMED CLUSTER     C4 <--     B5 [ 265 items]"
[1] "CLUSTERNAME C4 TOTAL ELEMENTS: 291"
------------------------------------------------------------------------
[1] "CID=5 CIDNAME=C5   REMAINDER_ROWS=1358    TARGET= 1276 --> NEARBY=  1231 1233 1262 1271 1275 1288 1298 1308 1325 1340 1348 1351 1355 1373 1402 1412 1422 1434 1457 1464 1471 1483 1484 1485 B8"
[1] "PROCESSING: CID: C5  w/ D=1359x1359 and X=1359x4"
[1] "APPENDING SUBSUMED CLUSTER     C5 <--     B8 [ 268 items]"
[1] "CLUSTERNAME C5 TOTAL ELEMENTS: 293"
------------------------------------------------------------------------
------------------------------------------------------------------------
MAPPING
 A1 A10 A11 A12 A13 A14 A15 A16  A2  A3  A4  A5  A6  A7  A8  A9  B1  B2  B3  B4  B5  B6  B7  B8  C1  C2  C3  C4  C5 
138  31  21  21  21  21  21  25 121 120 112 108  34  39  30  31  75  73  62  69  25  65  21  21  40  29  44  26  25 
------------------------------------------------------------------------
------------------------------------------------------------------------
------------------------------------------------------------------------

[1] "C5 B8"  "C5 B3"  "C5 A10" "C5 A14" "C5 A15" "C5 A4" 
[1] "C4 B5"  "C4 B2"  "C4 A6"  "C4 A16" "C4 A5" 
[1] "C3 B4" "C3 A8" "C3 A9" "C3 A2"
[1] "C2 B7"  "C2 B6"  "C2 A3"  "C2 A7"  "C2 A12"
[1] "C1 B1"  "C1 A1"  "C1 A11" "C1 A13"
[1] "B8 B3"  "B8 A10" "B8 A14" "B8 A15" "B8 A4" 
[1] "B7 B6"  "B7 A3"  "B7 A7"  "B7 A12"
[1] "B6 A3"  "B6 A7"  "B6 A12"
[1] "B5 B2"  "B5 A6"  "B5 A16" "B5 A5" 
[1] "B4 A8" "B4 A9" "B4 A2"
[1] "B3 A10" "B3 A14" "B3 A15" "B3 A4" 
[1] "B2 A6"  "B2 A16" "B2 A5" 
[1] "B1 A1"  "B1 A11" "B1 A13"
[1] "A8 A2"
[1] "A6 A5"
[1] "A10 A4"



------------------------------------------------------------------------
------------------------------------------------------------------------
[1] "C1" "C2" "C3" "C4" "C5"
[1] 1469
------------------------------------------------------------------------
[1] "4 D 1.03978883634247 29"
------------------------------------------------------------------------
MAPPING
 A1 A10 A11 A12 A13 A14 A15 A16  A2  A3  A4  A5  A6  A7  A8  A9  B1  B2  B3  B4  B5  B6  B7  B8  C1  C2  C3  C4  C5 
138  31  21  21  21  21  21  25 121 120 112 108  34  39  30  31  75  73  62  69  25  65  21  21  40  29  44  26  25 
------------------------------------------------------------------------
------------------------------------------------------------------------
------------------------------------------------------------------------

[1] "C5 B8"  "C5 B3"  "C5 A10" "C5 A14" "C5 A15" "C5 A4" 
[1] "C4 B5"  "C4 B2"  "C4 A6"  "C4 A16" "C4 A5" 
[1] "C3 B4" "C3 A8" "C3 A9" "C3 A2"
[1] "C2 B7"  "C2 B6"  "C2 A3"  "C2 A7"  "C2 A12"
[1] "C1 B1"  "C1 A1"  "C1 A11" "C1 A13"
[1] "B8 B3"  "B8 A10" "B8 A14" "B8 A15" "B8 A4" 
[1] "B7 B6"  "B7 A3"  "B7 A7"  "B7 A12"
[1] "B6 A3"  "B6 A7"  "B6 A12"
[1] "B5 B2"  "B5 A6"  "B5 A16" "B5 A5" 
[1] "B4 A8" "B4 A9" "B4 A2"
[1] "B3 A10" "B3 A14" "B3 A15" "B3 A4" 
[1] "B2 A6"  "B2 A16" "B2 A5" 
[1] "B1 A1"  "B1 A11" "B1 A13"
[1] "A8 A2"
[1] "A6 A5"
[1] "A10 A4"



------------------------------------------------------------------------
------------------------------------------------------------------------
[1] "5 E 1.23548050181852 29"
------------------------------------------------------------------------
MAPPING
 A1 A10 A11 A12 A13 A14 A15 A16  A2  A3  A4  A5  A6  A7  A8  A9  B1  B2  B3  B4  B5  B6  B7  B8  C1  C2  C3  C4  C5 
138  31  21  21  21  21  21  25 121 120 112 108  34  39  30  31  75  73  62  69  25  65  21  21  40  29  44  26  25 
------------------------------------------------------------------------
------------------------------------------------------------------------
------------------------------------------------------------------------

[1] "C5 B8"  "C5 B3"  "C5 A10" "C5 A14" "C5 A15" "C5 A4" 
[1] "C4 B5"  "C4 B2"  "C4 A6"  "C4 A16" "C4 A5" 
[1] "C3 B4" "C3 A8" "C3 A9" "C3 A2"
[1] "C2 B7"  "C2 B6"  "C2 A3"  "C2 A7"  "C2 A12"
[1] "C1 B1"  "C1 A1"  "C1 A11" "C1 A13"
[1] "B8 B3"  "B8 A10" "B8 A14" "B8 A15" "B8 A4" 
[1] "B7 B6"  "B7 A3"  "B7 A7"  "B7 A12"
[1] "B6 A3"  "B6 A7"  "B6 A12"
[1] "B5 B2"  "B5 A6"  "B5 A16" "B5 A5" 
[1] "B4 A8" "B4 A9" "B4 A2"
[1] "B3 A10" "B3 A14" "B3 A15" "B3 A4" 
[1] "B2 A6"  "B2 A16" "B2 A5" 
[1] "B1 A1"  "B1 A11" "B1 A13"
[1] "A8 A2"
[1] "A6 A5"
[1] "A10 A4"



------------------------------------------------------------------------
------------------------------------------------------------------------
[1] "6 F 1.43117216729457 29"
------------------------------------------------------------------------
MAPPING
 A1 A10 A11 A12 A13 A14 A15 A16  A2  A3  A4  A5  A6  A7  A8  A9  B1  B2  B3  B4  B5  B6  B7  B8  C1  C2  C3  C4  C5 
138  31  21  21  21  21  21  25 121 120 112 108  34  39  30  31  75  73  62  69  25  65  21  21  40  29  44  26  25 
------------------------------------------------------------------------
------------------------------------------------------------------------
------------------------------------------------------------------------

[1] "C5 B8"  "C5 B3"  "C5 A10" "C5 A14" "C5 A15" "C5 A4" 
[1] "C4 B5"  "C4 B2"  "C4 A6"  "C4 A16" "C4 A5" 
[1] "C3 B4" "C3 A8" "C3 A9" "C3 A2"
[1] "C2 B7"  "C2 B6"  "C2 A3"  "C2 A7"  "C2 A12"
[1] "C1 B1"  "C1 A1"  "C1 A11" "C1 A13"
[1] "B8 B3"  "B8 A10" "B8 A14" "B8 A15" "B8 A4" 
[1] "B7 B6"  "B7 A3"  "B7 A7"  "B7 A12"
[1] "B6 A3"  "B6 A7"  "B6 A12"
[1] "B5 B2"  "B5 A6"  "B5 A16" "B5 A5" 
[1] "B4 A8" "B4 A9" "B4 A2"
[1] "B3 A10" "B3 A14" "B3 A15" "B3 A4" 
[1] "B2 A6"  "B2 A16" "B2 A5" 
[1] "B1 A1"  "B1 A11" "B1 A13"
[1] "A8 A2"
[1] "A6 A5"
[1] "A10 A4"



------------------------------------------------------------------------
------------------------------------------------------------------------
[1] "7 G 1.62686383277061 29"
------------------------------------------------------------------------
MAPPING
 A1 A10 A11 A12 A13 A14 A15 A16  A2  A3  A4  A5  A6  A7  A8  A9  B1  B2  B3  B4  B5  B6  B7  B8  C1  C2  C3  C4  C5 
138  31  21  21  21  21  21  25 121 120 112 108  34  39  30  31  75  73  62  69  25  65  21  21  40  29  44  26  25 
------------------------------------------------------------------------
------------------------------------------------------------------------
------------------------------------------------------------------------

[1] "C5 B8"  "C5 B3"  "C5 A10" "C5 A14" "C5 A15" "C5 A4" 
[1] "C4 B5"  "C4 B2"  "C4 A6"  "C4 A16" "C4 A5" 
[1] "C3 B4" "C3 A8" "C3 A9" "C3 A2"
[1] "C2 B7"  "C2 B6"  "C2 A3"  "C2 A7"  "C2 A12"
[1] "C1 B1"  "C1 A1"  "C1 A11" "C1 A13"
[1] "B8 B3"  "B8 A10" "B8 A14" "B8 A15" "B8 A4" 
[1] "B7 B6"  "B7 A3"  "B7 A7"  "B7 A12"
[1] "B6 A3"  "B6 A7"  "B6 A12"
[1] "B5 B2"  "B5 A6"  "B5 A16" "B5 A5" 
[1] "B4 A8" "B4 A9" "B4 A2"
[1] "B3 A10" "B3 A14" "B3 A15" "B3 A4" 
[1] "B2 A6"  "B2 A16" "B2 A5" 
[1] "B1 A1"  "B1 A11" "B1 A13"
[1] "A8 A2"
[1] "A6 A5"
[1] "A10 A4"



------------------------------------------------------------------------
------------------------------------------------------------------------
[1] "8 H 1.82255549824666 29"
[1] "CID=1 CIDNAME=H1   REMAINDER_ROWS=1499    TARGET=   14 --> NEARBY=  14 27 52 88 91 129 180 217 673 689 712 776 818 827 851 863 877 898 944 1070 1149 C1 C2 C3"
[1] "PROCESSING: CID: H1  w/ D=1500x1500 and X=1500x4"
[1] "APPENDING SUBSUMED CLUSTER     H1 <--     C1 [ 295 items]"
[1] "APPENDING SUBSUMED CLUSTER     H1 <--     C2 [ 295 items]"
[1] "APPENDING SUBSUMED CLUSTER     H1 <--     C3 [ 295 items]"
[1] "CLUSTERNAME H1 TOTAL ELEMENTS: 909"
------------------------------------------------------------------------
[1] "CID=2 CIDNAME=H2   REMAINDER_ROWS=1480    TARGET= 1340 --> NEARBY=  313 328 344 498 521 1206 1225 1293 1330 1332 1359 1385 1419 1431 1448 1462 1472 1489 C4 C5"
[1] "PROCESSING: CID: H2  w/ D=1481x1481 and X=1481x4"
[1] "APPENDING SUBSUMED CLUSTER     H2 <--     C4 [ 291 items]"
[1] "APPENDING SUBSUMED CLUSTER     H2 <--     C5 [ 293 items]"
[1] "CLUSTERNAME H2 TOTAL ELEMENTS: 604"
------------------------------------------------------------------------
------------------------------------------------------------------------
MAPPING
 A1 A10 A11 A12 A13 A14 A15 A16  A2  A3  A4  A5  A6  A7  A8  A9  B1  B2  B3  B4  B5  B6  B7  B8  C1  C2  C3  C4  C5  H1  H2 
138  31  21  21  21  21  21  25 121 120 112 108  34  39  30  31  75  73  62  69  25  65  21  21  40  29  44  26  25  24  20 
------------------------------------------------------------------------
------------------------------------------------------------------------
------------------------------------------------------------------------

 [1] "H2 C4"  "H2 C5"  "H2 B5"  "H2 B2"  "H2 A6"  "H2 A16" "H2 A5"  "H2 B8"  "H2 B3"  "H2 A10" "H2 A14" "H2 A15" "H2 A4" 
 [1] "H1 C1"  "H1 C2"  "H1 C3"  "H1 B1"  "H1 A1"  "H1 A11" "H1 A13" "H1 B7"  "H1 B6"  "H1 A3"  "H1 A7"  "H1 A12" "H1 B4"  "H1 A8"  "H1 A9" 
[16] "H1 A2" 
[1] "C5 B8"  "C5 B3"  "C5 A10" "C5 A14" "C5 A15" "C5 A4" 
[1] "C4 B5"  "C4 B2"  "C4 A6"  "C4 A16" "C4 A5" 
[1] "C3 B4" "C3 A8" "C3 A9" "C3 A2"
[1] "C2 B7"  "C2 B6"  "C2 A3"  "C2 A7"  "C2 A12"
[1] "C1 B1"  "C1 A1"  "C1 A11" "C1 A13"
[1] "B8 B3"  "B8 A10" "B8 A14" "B8 A15" "B8 A4" 
[1] "B7 B6"  "B7 A3"  "B7 A7"  "B7 A12"
[1] "B6 A3"  "B6 A7"  "B6 A12"
[1] "B5 B2"  "B5 A6"  "B5 A16" "B5 A5" 
[1] "B4 A8" "B4 A9" "B4 A2"
[1] "B3 A10" "B3 A14" "B3 A15" "B3 A4" 
[1] "B2 A6"  "B2 A16" "B2 A5" 
[1] "B1 A1"  "B1 A11" "B1 A13"
[1] "A8 A2"
[1] "A6 A5"
[1] "A10 A4"



------------------------------------------------------------------------
------------------------------------------------------------------------
[1] "H1" "H2"
[1] 1513
------------------------------------------------------------------------
[1] "9 I 2.01824716372271 31"
------------------------------------------------------------------------
MAPPING
 A1 A10 A11 A12 A13 A14 A15 A16  A2  A3  A4  A5  A6  A7  A8  A9  B1  B2  B3  B4  B5  B6  B7  B8  C1  C2  C3  C4  C5  H1  H2 
138  31  21  21  21  21  21  25 121 120 112 108  34  39  30  31  75  73  62  69  25  65  21  21  40  29  44  26  25  24  20 
------------------------------------------------------------------------
------------------------------------------------------------------------
------------------------------------------------------------------------

 [1] "H2 C4"  "H2 C5"  "H2 B5"  "H2 B2"  "H2 A6"  "H2 A16" "H2 A5"  "H2 B8"  "H2 B3"  "H2 A10" "H2 A14" "H2 A15" "H2 A4" 
 [1] "H1 C1"  "H1 C2"  "H1 C3"  "H1 B1"  "H1 A1"  "H1 A11" "H1 A13" "H1 B7"  "H1 B6"  "H1 A3"  "H1 A7"  "H1 A12" "H1 B4"  "H1 A8"  "H1 A9" 
[16] "H1 A2" 
[1] "C5 B8"  "C5 B3"  "C5 A10" "C5 A14" "C5 A15" "C5 A4" 
[1] "C4 B5"  "C4 B2"  "C4 A6"  "C4 A16" "C4 A5" 
[1] "C3 B4" "C3 A8" "C3 A9" "C3 A2"
[1] "C2 B7"  "C2 B6"  "C2 A3"  "C2 A7"  "C2 A12"
[1] "C1 B1"  "C1 A1"  "C1 A11" "C1 A13"
[1] "B8 B3"  "B8 A10" "B8 A14" "B8 A15" "B8 A4" 
[1] "B7 B6"  "B7 A3"  "B7 A7"  "B7 A12"
[1] "B6 A3"  "B6 A7"  "B6 A12"
[1] "B5 B2"  "B5 A6"  "B5 A16" "B5 A5" 
[1] "B4 A8" "B4 A9" "B4 A2"
[1] "B3 A10" "B3 A14" "B3 A15" "B3 A4" 
[1] "B2 A6"  "B2 A16" "B2 A5" 
[1] "B1 A1"  "B1 A11" "B1 A13"
[1] "A8 A2"
[1] "A6 A5"
[1] "A10 A4"



[1] "PDF plots were generated under filenames plot_aggclust_cluster_generation_x.pdf to provide a visual snapshop of the cluster assigment"
[1] "PDF plots were generated under filenames plot_aggclust_cluster_generation_x.pdf to provide a visual snapshop of the cluster assigment"
------------------------------------------------------------------------
------------------------------------------------------------------------
[1] "AGGLOMERATED CLUSTER MEMBERSHIPS"
$A1
  [1] "904"  "905"  "906"  "907"  "908"  "910"  "912"  "913"  "914"  "919"  "920"  "924"  "925"  "926"  "933"  "935"  "937"  "939"  "941" 
 [20] "943"  "951"  "953"  "954"  "959"  "961"  "963"  "965"  "966"  "969"  "971"  "975"  "977"  "978"  "982"  "983"  "989"  "991"  "992" 
 [39] "996"  "999"  "1002" "1007" "1009" "1010" "1013" "1014" "1016" "1023" "1027" "1028" "1029" "1034" "1035" "1042" "1048" "1049" "1050"
 [58] "1051" "1053" "1054" "1055" "1056" "1057" "1058" "1060" "1061" "1062" "1063" "1065" "1067" "1068" "1071" "1072" "1075" "1077" "1078"
 [77] "1079" "1080" "1082" "1086" "1087" "1088" "1089" "1090" "1091" "1092" "1093" "1097" "1106" "1107" "1108" "1110" "1112" "1113" "1114"
 [96] "1115" "1117" "1119" "1122" "1123" "1124" "1125" "1126" "1127" "1129" "1131" "1132" "1133" "1134" "1136" "1137" "1141" "1145" "1147"
[115] "1148" "1150" "1152" "1155" "1156" "1157" "1160" "1161" "1162" "1164" "1166" "1167" "1169" "1176" "1177" "1179" "1181" "1182" "1189"
[134] "1190" "1193" "1196" "1197" "1200"

$A2
  [1] "2"   "3"   "10"  "15"  "19"  "22"  "24"  "26"  "32"  "36"  "38"  "41"  "43"  "48"  "50"  "51"  "53"  "55"  "57"  "58"  "62"  "65" 
 [23] "73"  "74"  "75"  "81"  "82"  "83"  "85"  "86"  "93"  "96"  "98"  "99"  "104" "105" "107" "109" "113" "114" "115" "116" "121" "122"
 [45] "124" "125" "127" "132" "133" "135" "136" "138" "139" "144" "145" "146" "148" "149" "153" "154" "156" "161" "162" "163" "166" "167"
 [67] "168" "169" "171" "172" "173" "175" "178" "181" "182" "186" "188" "190" "192" "194" "196" "197" "200" "202" "203" "204" "205" "210"
 [89] "211" "213" "226" "227" "230" "232" "233" "234" "243" "245" "246" "247" "259" "261" "262" "264" "266" "267" "269" "271" "272" "273"
[111] "274" "278" "279" "280" "286" "287" "291" "293" "296" "298" "299"

$A3
  [1] "602" "606" "608" "612" "613" "614" "618" "625" "627" "630" "638" "642" "643" "647" "648" "649" "653" "655" "656" "659" "662" "667"
 [23] "669" "670" "672" "676" "680" "682" "683" "685" "691" "692" "695" "697" "698" "699" "700" "701" "705" "707" "710" "711" "713" "715"
 [45] "716" "721" "722" "728" "729" "730" "735" "738" "739" "741" "743" "752" "753" "756" "760" "761" "765" "768" "771" "774" "775" "778"
 [67] "779" "780" "784" "785" "786" "788" "791" "793" "794" "800" "801" "802" "804" "808" "809" "811" "813" "821" "822" "825" "828" "829"
 [89] "833" "835" "836" "838" "842" "844" "846" "847" "849" "852" "853" "854" "856" "857" "860" "861" "867" "872" "876" "879" "880" "885"
[111] "886" "887" "890" "893" "894" "895" "896" "897" "899" "900"

$A4
  [1] "1201" "1202" "1203" "1209" "1210" "1213" "1214" "1215" "1216" "1218" "1219" "1220" "1222" "1224" "1226" "1228" "1230" "1234" "1238"
 [20] "1242" "1248" "1253" "1254" "1258" "1259" "1264" "1265" "1267" "1270" "1272" "1276" "1277" "1278" "1279" "1281" "1283" "1284" "1285"
 [39] "1287" "1291" "1295" "1300" "1301" "1302" "1304" "1305" "1311" "1318" "1319" "1321" "1326" "1329" "1334" "1337" "1339" "1341" "1344"
 [58] "1347" "1350" "1354" "1356" "1361" "1362" "1363" "1366" "1367" "1368" "1372" "1376" "1377" "1381" "1382" "1383" "1395" "1400" "1404"
 [77] "1408" "1409" "1413" "1414" "1415" "1416" "1418" "1420" "1421" "1424" "1427" "1428" "1429" "1430" "1436" "1437" "1438" "1441" "1443"
 [96] "1446" "1449" "1453" "1459" "1460" "1463" "1470" "1473" "1475" "1478" "1482" "1488" "1492" "1494" "1495" "1496" "1499"

$A5
  [1] "303" "305" "306" "308" "316" "319" "321" "324" "325" "332" "334" "335" "337" "341" "346" "348" "350" "352" "353" "355" "356" "357"
 [23] "358" "363" "368" "373" "375" "379" "381" "389" "393" "394" "395" "404" "407" "410" "415" "418" "420" "422" "423" "424" "426" "427"
 [45] "428" "430" "433" "434" "442" "443" "445" "446" "447" "448" "450" "458" "460" "461" "462" "464" "473" "476" "477" "481" "482" "486"
 [67] "487" "488" "490" "492" "493" "494" "495" "502" "505" "506" "509" "513" "514" "516" "520" "526" "528" "531" "533" "535" "538" "541"
 [89] "544" "552" "554" "555" "557" "561" "562" "567" "568" "570" "572" "573" "574" "577" "584" "588" "589" "590" "593" "595"

$A6
  [1] "317" "323" "333" "340" "345" "377" "388" "396" "398" "400" "401" "405" "411" "419" "435" "438" "452" "459" "465" "467" "485" "491"
 [23] "508" "511" "530" "536" "547" "553" "564" "569" "580" "581" "592" "A5"  "303" "305" "306" "308" "316" "319" "321" "324" "325" "332"
 [45] "334" "335" "337" "341" "346" "348" "350" "352" "353" "355" "356" "357" "358" "363" "368" "373" "375" "379" "381" "389" "393" "394"
 [67] "395" "404" "407" "410" "415" "418" "420" "422" "423" "424" "426" "427" "428" "430" "433" "434" "442" "443" "445" "446" "447" "448"
 [89] "450" "458" "460" "461" "462" "464" "473" "476" "477" "481" "482" "486" "487" "488" "490" "492" "493" "494" "495" "502" "505" "506"
[111] "509" "513" "514" "516" "520" "526" "528" "531" "533" "535" "538" "541" "544" "552" "554" "555" "557" "561" "562" "567" "568" "570"
[133] "572" "573" "574" "577" "584" "588" "589" "590" "593" "595"

$A7
 [1] "620" "621" "632" "633" "634" "637" "644" "646" "651" "671" "675" "679" "681" "688" "696" "718" "724" "726" "732" "747" "755" "763"
[23] "770" "772" "787" "796" "816" "819" "832" "839" "850" "858" "868" "870" "875" "883" "884" "889" "891"

$A8
  [1] "4"   "7"   "17"  "21"  "25"  "29"  "39"  "45"  "46"  "76"  "79"  "100" "103" "111" "119" "120" "137" "142" "150" "160" "184" "231"
 [23] "237" "250" "268" "270" "276" "281" "290" "A2"  "2"   "3"   "10"  "15"  "19"  "22"  "24"  "26"  "32"  "36"  "38"  "41"  "43"  "48" 
 [45] "50"  "51"  "53"  "55"  "57"  "58"  "62"  "65"  "73"  "74"  "75"  "81"  "82"  "83"  "85"  "86"  "93"  "96"  "98"  "99"  "104" "105"
 [67] "107" "109" "113" "114" "115" "116" "121" "122" "124" "125" "127" "132" "133" "135" "136" "138" "139" "144" "145" "146" "148" "149"
 [89] "153" "154" "156" "161" "162" "163" "166" "167" "168" "169" "171" "172" "173" "175" "178" "181" "182" "186" "188" "190" "192" "194"
[111] "196" "197" "200" "202" "203" "204" "205" "210" "211" "213" "226" "227" "230" "232" "233" "234" "243" "245" "246" "247" "259" "261"
[133] "262" "264" "266" "267" "269" "271" "272" "273" "274" "278" "279" "280" "286" "287" "291" "293" "296" "298" "299"

$A9
 [1] "1"   "9"   "30"  "49"  "61"  "66"  "90"  "110" "118" "131" "140" "151" "157" "159" "165" "176" "193" "195" "199" "208" "214" "228"
[23] "238" "239" "240" "241" "244" "251" "265" "275" "284"

$A10
  [1] "1204" "1245" "1246" "1252" "1257" "1280" "1282" "1292" "1297" "1299" "1303" "1320" "1327" "1333" "1343" "1346" "1360" "1369" "1379"
 [20] "1384" "1399" "1401" "1403" "1444" "1454" "1468" "1480" "1486" "1490" "1493" "A4"   "1201" "1202" "1203" "1209" "1210" "1213" "1214"
 [39] "1215" "1216" "1218" "1219" "1220" "1222" "1224" "1226" "1228" "1230" "1234" "1238" "1242" "1248" "1253" "1254" "1258" "1259" "1264"
 [58] "1265" "1267" "1270" "1272" "1276" "1277" "1278" "1279" "1281" "1283" "1284" "1285" "1287" "1291" "1295" "1300" "1301" "1302" "1304"
 [77] "1305" "1311" "1318" "1319" "1321" "1326" "1329" "1334" "1337" "1339" "1341" "1344" "1347" "1350" "1354" "1356" "1361" "1362" "1363"
 [96] "1366" "1367" "1368" "1372" "1376" "1377" "1381" "1382" "1383" "1395" "1400" "1404" "1408" "1409" "1413" "1414" "1415" "1416" "1418"
[115] "1420" "1421" "1424" "1427" "1428" "1429" "1430" "1436" "1437" "1438" "1441" "1443" "1446" "1449" "1453" "1459" "1460" "1463" "1470"
[134] "1473" "1475" "1478" "1482" "1488" "1492" "1494" "1495" "1496" "1499"

$A11
 [1] "911"  "917"  "956"  "957"  "968"  "973"  "980"  "1003" "1008" "1015" "1030" "1031" "1094" "1095" "1143" "1165" "1171" "1172" "1173"
[20] "1188" "1191"

$A12
 [1] "628" "650" "660" "665" "666" "677" "704" "706" "720" "750" "751" "757" "759" "762" "803" "806" "810" "814" "824" "873" "878"

$A13
 [1] "929"  "930"  "938"  "945"  "949"  "952"  "962"  "972"  "995"  "1004" "1021" "1033" "1039" "1046" "1100" "1101" "1105" "1121" "1144"
[20] "1180" "1184"

$A14
 [1] "1227" "1237" "1268" "1274" "1313" "1331" "1338" "1357" "1389" "1391" "1398" "1405" "1406" "1407" "1423" "1435" "1445" "1447" "1452"
[20] "1455" "1481"

$A15
 [1] "1208" "1229" "1232" "1240" "1247" "1256" "1266" "1314" "1316" "1365" "1370" "1378" "1390" "1392" "1425" "1426" "1440" "1456" "1458"
[20] "1465" "1487"

$A16
 [1] "310" "330" "331" "338" "339" "349" "359" "361" "362" "382" "385" "386" "397" "408" "421" "440" "441" "455" "463" "468" "500" "518"
[23] "522" "539" "558"

$B1
  [1] "901"  "903"  "909"  "921"  "923"  "928"  "932"  "934"  "947"  "948"  "950"  "958"  "964"  "970"  "974"  "976"  "985"  "986"  "993" 
 [20] "997"  "998"  "1000" "1001" "1006" "1012" "1017" "1019" "1020" "1022" "1024" "1025" "1026" "1036" "1041" "1043" "1044" "1045" "1047"
 [39] "1066" "1073" "1074" "1076" "1083" "1084" "1085" "1096" "1098" "1099" "1102" "1104" "1109" "1111" "1118" "1120" "1128" "1135" "1138"
 [58] "1146" "1153" "1154" "1158" "1159" "1163" "1168" "1170" "1174" "1185" "1186" "1187" "1192" "1194" "1195" "A1"   "A11"  "A13"  "904" 
 [77] "905"  "906"  "907"  "908"  "910"  "912"  "913"  "914"  "919"  "920"  "924"  "925"  "926"  "933"  "935"  "937"  "939"  "941"  "943" 
 [96] "951"  "953"  "954"  "959"  "961"  "963"  "965"  "966"  "969"  "971"  "975"  "977"  "978"  "982"  "983"  "989"  "991"  "992"  "996" 
[115] "999"  "1002" "1007" "1009" "1010" "1013" "1014" "1016" "1023" "1027" "1028" "1029" "1034" "1035" "1042" "1048" "1049" "1050" "1051"
[134] "1053" "1054" "1055" "1056" "1057" "1058" "1060" "1061" "1062" "1063" "1065" "1067" "1068" "1071" "1072" "1075" "1077" "1078" "1079"
[153] "1080" "1082" "1086" "1087" "1088" "1089" "1090" "1091" "1092" "1093" "1097" "1106" "1107" "1108" "1110" "1112" "1113" "1114" "1115"
[172] "1117" "1119" "1122" "1123" "1124" "1125" "1126" "1127" "1129" "1131" "1132" "1133" "1134" "1136" "1137" "1141" "1145" "1147" "1148"
[191] "1150" "1152" "1155" "1156" "1157" "1160" "1161" "1162" "1164" "1166" "1167" "1169" "1176" "1177" "1179" "1181" "1182" "1189" "1190"
[210] "1193" "1196" "1197" "1200" "911"  "917"  "956"  "957"  "968"  "973"  "980"  "1003" "1008" "1015" "1030" "1031" "1094" "1095" "1143"
[229] "1165" "1171" "1172" "1173" "1188" "1191" "929"  "930"  "938"  "945"  "949"  "952"  "962"  "972"  "995"  "1004" "1021" "1033" "1039"
[248] "1046" "1100" "1101" "1105" "1121" "1144" "1180" "1184"

$B2
  [1] "301" "302" "307" "311" "315" "318" "320" "326" "343" "347" "351" "354" "366" "367" "370" "372" "374" "380" "384" "387" "391" "399"
 [23] "402" "406" "414" "417" "425" "429" "432" "437" "439" "449" "466" "470" "472" "478" "483" "496" "497" "501" "504" "507" "515" "519"
 [45] "523" "524" "525" "527" "529" "534" "540" "542" "545" "546" "548" "551" "556" "559" "560" "566" "571" "576" "579" "583" "585" "586"
 [67] "587" "596" "597" "599" "600" "A6"  "A16" "317" "323" "333" "340" "345" "377" "388" "396" "398" "400" "401" "405" "411" "419" "435"
 [89] "438" "452" "459" "465" "467" "485" "491" "508" "511" "530" "536" "547" "553" "564" "569" "580" "581" "592" "A5"  "303" "305" "306"
[111] "308" "316" "319" "321" "324" "325" "332" "334" "335" "337" "341" "346" "348" "350" "352" "353" "355" "356" "357" "358" "363" "368"
[133] "373" "375" "379" "381" "389" "393" "394" "395" "404" "407" "410" "415" "418" "420" "422" "423" "424" "426" "427" "428" "430" "433"
[155] "434" "442" "443" "445" "446" "447" "448" "450" "458" "460" "461" "462" "464" "473" "476" "477" "481" "482" "486" "487" "488" "490"
[177] "492" "493" "494" "495" "502" "505" "506" "509" "513" "514" "516" "520" "526" "528" "531" "533" "535" "538" "541" "544" "552" "554"
[199] "555" "557" "561" "562" "567" "568" "570" "572" "573" "574" "577" "584" "588" "589" "590" "593" "595" "310" "330" "331" "338" "339"
[221] "349" "359" "361" "362" "382" "385" "386" "397" "408" "421" "440" "441" "455" "463" "468" "500" "518" "522" "539" "558"

$B3
  [1] "1211" "1212" "1217" "1221" "1223" "1235" "1236" "1239" "1241" "1244" "1249" "1250" "1251" "1260" "1261" "1263" "1269" "1273" "1289"
 [20] "1290" "1294" "1296" "1306" "1307" "1309" "1310" "1312" "1315" "1317" "1323" "1324" "1328" "1336" "1342" "1349" "1352" "1353" "1364"
 [39] "1371" "1374" "1375" "1386" "1387" "1388" "1393" "1394" "1396" "1397" "1411" "1417" "1432" "1433" "1439" "1442" "1450" "1467" "1477"
 [58] "1497" "1498" "A10"  "A14"  "A15"  "1204" "1245" "1246" "1252" "1257" "1280" "1282" "1292" "1297" "1299" "1303" "1320" "1327" "1333"
 [77] "1343" "1346" "1360" "1369" "1379" "1384" "1399" "1401" "1403" "1444" "1454" "1468" "1480" "1486" "1490" "1493" "A4"   "1201" "1202"
 [96] "1203" "1209" "1210" "1213" "1214" "1215" "1216" "1218" "1219" "1220" "1222" "1224" "1226" "1228" "1230" "1234" "1238" "1242" "1248"
[115] "1253" "1254" "1258" "1259" "1264" "1265" "1267" "1270" "1272" "1276" "1277" "1278" "1279" "1281" "1283" "1284" "1285" "1287" "1291"
[134] "1295" "1300" "1301" "1302" "1304" "1305" "1311" "1318" "1319" "1321" "1326" "1329" "1334" "1337" "1339" "1341" "1344" "1347" "1350"
[153] "1354" "1356" "1361" "1362" "1363" "1366" "1367" "1368" "1372" "1376" "1377" "1381" "1382" "1383" "1395" "1400" "1404" "1408" "1409"
[172] "1413" "1414" "1415" "1416" "1418" "1420" "1421" "1424" "1427" "1428" "1429" "1430" "1436" "1437" "1438" "1441" "1443" "1446" "1449"
[191] "1453" "1459" "1460" "1463" "1470" "1473" "1475" "1478" "1482" "1488" "1492" "1494" "1495" "1496" "1499" "1227" "1237" "1268" "1274"
[210] "1313" "1331" "1338" "1357" "1389" "1391" "1398" "1405" "1406" "1407" "1423" "1435" "1445" "1447" "1452" "1455" "1481" "1208" "1229"
[229] "1232" "1240" "1247" "1256" "1266" "1314" "1316" "1365" "1370" "1378" "1390" "1392" "1425" "1426" "1440" "1456" "1458" "1465" "1487"

$B4
  [1] "5"   "11"  "13"  "20"  "28"  "33"  "37"  "40"  "44"  "47"  "54"  "56"  "63"  "64"  "67"  "68"  "69"  "70"  "71"  "72"  "77"  "80" 
 [23] "92"  "97"  "101" "102" "106" "112" "117" "123" "126" "143" "147" "152" "158" "179" "187" "191" "198" "207" "212" "216" "218" "219"
 [45] "220" "221" "222" "223" "224" "225" "235" "242" "248" "249" "253" "254" "255" "256" "260" "277" "283" "285" "288" "289" "292" "295"
 [67] "297" "A8"  "A9"  "4"   "7"   "17"  "21"  "25"  "29"  "39"  "45"  "46"  "76"  "79"  "100" "103" "111" "119" "120" "137" "142" "150"
 [89] "160" "184" "231" "237" "250" "268" "270" "276" "281" "290" "A2"  "2"   "3"   "10"  "15"  "19"  "22"  "24"  "26"  "32"  "36"  "38" 
[111] "41"  "43"  "48"  "50"  "51"  "53"  "55"  "57"  "58"  "62"  "65"  "73"  "74"  "75"  "81"  "82"  "83"  "85"  "86"  "93"  "96"  "98" 
[133] "99"  "104" "105" "107" "109" "113" "114" "115" "116" "121" "122" "124" "125" "127" "132" "133" "135" "136" "138" "139" "144" "145"
[155] "146" "148" "149" "153" "154" "156" "161" "162" "163" "166" "167" "168" "169" "171" "172" "173" "175" "178" "181" "182" "186" "188"
[177] "190" "192" "194" "196" "197" "200" "202" "203" "204" "205" "210" "211" "213" "226" "227" "230" "232" "233" "234" "243" "245" "246"
[199] "247" "259" "261" "262" "264" "266" "267" "269" "271" "272" "273" "274" "278" "279" "280" "286" "287" "291" "293" "296" "298" "299"
[221] "1"   "9"   "30"  "49"  "61"  "66"  "90"  "110" "118" "131" "140" "151" "157" "159" "165" "176" "193" "195" "199" "208" "214" "228"
[243] "238" "239" "240" "241" "244" "251" "265" "275" "284"

$B5
  [1] "304" "312" "314" "327" "329" "342" "360" "364" "365" "369" "378" "413" "416" "436" "444" "456" "457" "471" "474" "475" "489" "537"
 [23] "543" "575" "B2"  "301" "302" "307" "311" "315" "318" "320" "326" "343" "347" "351" "354" "366" "367" "370" "372" "374" "380" "384"
 [45] "387" "391" "399" "402" "406" "414" "417" "425" "429" "432" "437" "439" "449" "466" "470" "472" "478" "483" "496" "497" "501" "504"
 [67] "507" "515" "519" "523" "524" "525" "527" "529" "534" "540" "542" "545" "546" "548" "551" "556" "559" "560" "566" "571" "576" "579"
 [89] "583" "585" "586" "587" "596" "597" "599" "600" "A6"  "A16" "317" "323" "333" "340" "345" "377" "388" "396" "398" "400" "401" "405"
[111] "411" "419" "435" "438" "452" "459" "465" "467" "485" "491" "508" "511" "530" "536" "547" "553" "564" "569" "580" "581" "592" "A5" 
[133] "303" "305" "306" "308" "316" "319" "321" "324" "325" "332" "334" "335" "337" "341" "346" "348" "350" "352" "353" "355" "356" "357"
[155] "358" "363" "368" "373" "375" "379" "381" "389" "393" "394" "395" "404" "407" "410" "415" "418" "420" "422" "423" "424" "426" "427"
[177] "428" "430" "433" "434" "442" "443" "445" "446" "447" "448" "450" "458" "460" "461" "462" "464" "473" "476" "477" "481" "482" "486"
[199] "487" "488" "490" "492" "493" "494" "495" "502" "505" "506" "509" "513" "514" "516" "520" "526" "528" "531" "533" "535" "538" "541"
[221] "544" "552" "554" "555" "557" "561" "562" "567" "568" "570" "572" "573" "574" "577" "584" "588" "589" "590" "593" "595" "310" "330"
[243] "331" "338" "339" "349" "359" "361" "362" "382" "385" "386" "397" "408" "421" "440" "441" "455" "463" "468" "500" "518" "522" "539"
[265] "558"

$B6
  [1] "605" "607" "619" "622" "626" "639" "640" "641" "645" "652" "657" "658" "663" "664" "668" "674" "678" "686" "687" "702" "703" "708"
 [23] "709" "717" "719" "725" "731" "736" "737" "742" "744" "749" "754" "764" "766" "773" "777" "781" "782" "789" "792" "795" "797" "799"
 [45] "817" "820" "823" "826" "831" "837" "840" "841" "843" "862" "865" "866" "871" "874" "881" "882" "888" "892" "A3"  "A7"  "A12" "602"
 [67] "606" "608" "612" "613" "614" "618" "625" "627" "630" "638" "642" "643" "647" "648" "649" "653" "655" "656" "659" "662" "667" "669"
 [89] "670" "672" "676" "680" "682" "683" "685" "691" "692" "695" "697" "698" "699" "700" "701" "705" "707" "710" "711" "713" "715" "716"
[111] "721" "722" "728" "729" "730" "735" "738" "739" "741" "743" "752" "753" "756" "760" "761" "765" "768" "771" "774" "775" "778" "779"
[133] "780" "784" "785" "786" "788" "791" "793" "794" "800" "801" "802" "804" "808" "809" "811" "813" "821" "822" "825" "828" "829" "833"
[155] "835" "836" "838" "842" "844" "846" "847" "849" "852" "853" "854" "856" "857" "860" "861" "867" "872" "876" "879" "880" "885" "886"
[177] "887" "890" "893" "894" "895" "896" "897" "899" "900" "620" "621" "632" "633" "634" "637" "644" "646" "651" "671" "675" "679" "681"
[199] "688" "696" "718" "724" "726" "732" "747" "755" "763" "770" "772" "787" "796" "816" "819" "832" "839" "850" "858" "868" "870" "875"
[221] "883" "884" "889" "891" "628" "650" "660" "665" "666" "677" "704" "706" "720" "750" "751" "757" "759" "762" "803" "806" "810" "814"
[243] "824" "873" "878"

$B7
  [1] "601" "609" "615" "616" "617" "624" "631" "654" "661" "693" "694" "733" "746" "790" "805" "807" "815" "855" "859" "864" "B6"  "605"
 [23] "607" "619" "622" "626" "639" "640" "641" "645" "652" "657" "658" "663" "664" "668" "674" "678" "686" "687" "702" "703" "708" "709"
 [45] "717" "719" "725" "731" "736" "737" "742" "744" "749" "754" "764" "766" "773" "777" "781" "782" "789" "792" "795" "797" "799" "817"
 [67] "820" "823" "826" "831" "837" "840" "841" "843" "862" "865" "866" "871" "874" "881" "882" "888" "892" "A3"  "A7"  "A12" "602" "606"
 [89] "608" "612" "613" "614" "618" "625" "627" "630" "638" "642" "643" "647" "648" "649" "653" "655" "656" "659" "662" "667" "669" "670"
[111] "672" "676" "680" "682" "683" "685" "691" "692" "695" "697" "698" "699" "700" "701" "705" "707" "710" "711" "713" "715" "716" "721"
[133] "722" "728" "729" "730" "735" "738" "739" "741" "743" "752" "753" "756" "760" "761" "765" "768" "771" "774" "775" "778" "779" "780"
[155] "784" "785" "786" "788" "791" "793" "794" "800" "801" "802" "804" "808" "809" "811" "813" "821" "822" "825" "828" "829" "833" "835"
[177] "836" "838" "842" "844" "846" "847" "849" "852" "853" "854" "856" "857" "860" "861" "867" "872" "876" "879" "880" "885" "886" "887"
[199] "890" "893" "894" "895" "896" "897" "899" "900" "620" "621" "632" "633" "634" "637" "644" "646" "651" "671" "675" "679" "681" "688"
[221] "696" "718" "724" "726" "732" "747" "755" "763" "770" "772" "787" "796" "816" "819" "832" "839" "850" "858" "868" "870" "875" "883"
[243] "884" "889" "891" "628" "650" "660" "665" "666" "677" "704" "706" "720" "750" "751" "757" "759" "762" "803" "806" "810" "814" "824"
[265] "873" "878"

$B8
  [1] "1205" "1207" "1243" "1255" "1286" "1322" "1335" "1345" "1358" "1380" "1410" "1451" "1461" "1466" "1469" "1474" "1476" "1479" "1491"
 [20] "1500" "B3"   "1211" "1212" "1217" "1221" "1223" "1235" "1236" "1239" "1241" "1244" "1249" "1250" "1251" "1260" "1261" "1263" "1269"
 [39] "1273" "1289" "1290" "1294" "1296" "1306" "1307" "1309" "1310" "1312" "1315" "1317" "1323" "1324" "1328" "1336" "1342" "1349" "1352"
 [58] "1353" "1364" "1371" "1374" "1375" "1386" "1387" "1388" "1393" "1394" "1396" "1397" "1411" "1417" "1432" "1433" "1439" "1442" "1450"
 [77] "1467" "1477" "1497" "1498" "A10"  "A14"  "A15"  "1204" "1245" "1246" "1252" "1257" "1280" "1282" "1292" "1297" "1299" "1303" "1320"
 [96] "1327" "1333" "1343" "1346" "1360" "1369" "1379" "1384" "1399" "1401" "1403" "1444" "1454" "1468" "1480" "1486" "1490" "1493" "A4"  
[115] "1201" "1202" "1203" "1209" "1210" "1213" "1214" "1215" "1216" "1218" "1219" "1220" "1222" "1224" "1226" "1228" "1230" "1234" "1238"
[134] "1242" "1248" "1253" "1254" "1258" "1259" "1264" "1265" "1267" "1270" "1272" "1276" "1277" "1278" "1279" "1281" "1283" "1284" "1285"
[153] "1287" "1291" "1295" "1300" "1301" "1302" "1304" "1305" "1311" "1318" "1319" "1321" "1326" "1329" "1334" "1337" "1339" "1341" "1344"
[172] "1347" "1350" "1354" "1356" "1361" "1362" "1363" "1366" "1367" "1368" "1372" "1376" "1377" "1381" "1382" "1383" "1395" "1400" "1404"
[191] "1408" "1409" "1413" "1414" "1415" "1416" "1418" "1420" "1421" "1424" "1427" "1428" "1429" "1430" "1436" "1437" "1438" "1441" "1443"
[210] "1446" "1449" "1453" "1459" "1460" "1463" "1470" "1473" "1475" "1478" "1482" "1488" "1492" "1494" "1495" "1496" "1499" "1227" "1237"
[229] "1268" "1274" "1313" "1331" "1338" "1357" "1389" "1391" "1398" "1405" "1406" "1407" "1423" "1435" "1445" "1447" "1452" "1455" "1481"
[248] "1208" "1229" "1232" "1240" "1247" "1256" "1266" "1314" "1316" "1365" "1370" "1378" "1390" "1392" "1425" "1426" "1440" "1456" "1458"
[267] "1465" "1487"

$C1
  [1] "902"  "915"  "916"  "918"  "922"  "931"  "936"  "940"  "942"  "946"  "955"  "960"  "967"  "979"  "981"  "984"  "987"  "988"  "990" 
 [20] "994"  "1011" "1018" "1032" "1037" "1038" "1040" "1052" "1059" "1064" "1069" "1081" "1103" "1116" "1140" "1151" "1175" "1178" "1183"
 [39] "1198" "B1"   "901"  "903"  "909"  "921"  "923"  "928"  "932"  "934"  "947"  "948"  "950"  "958"  "964"  "970"  "974"  "976"  "985" 
 [58] "986"  "993"  "997"  "998"  "1000" "1001" "1006" "1012" "1017" "1019" "1020" "1022" "1024" "1025" "1026" "1036" "1041" "1043" "1044"
 [77] "1045" "1047" "1066" "1073" "1074" "1076" "1083" "1084" "1085" "1096" "1098" "1099" "1102" "1104" "1109" "1111" "1118" "1120" "1128"
 [96] "1135" "1138" "1146" "1153" "1154" "1158" "1159" "1163" "1168" "1170" "1174" "1185" "1186" "1187" "1192" "1194" "1195" "A1"   "A11" 
[115] "A13"  "904"  "905"  "906"  "907"  "908"  "910"  "912"  "913"  "914"  "919"  "920"  "924"  "925"  "926"  "933"  "935"  "937"  "939" 
[134] "941"  "943"  "951"  "953"  "954"  "959"  "961"  "963"  "965"  "966"  "969"  "971"  "975"  "977"  "978"  "982"  "983"  "989"  "991" 
[153] "992"  "996"  "999"  "1002" "1007" "1009" "1010" "1013" "1014" "1016" "1023" "1027" "1028" "1029" "1034" "1035" "1042" "1048" "1049"
[172] "1050" "1051" "1053" "1054" "1055" "1056" "1057" "1058" "1060" "1061" "1062" "1063" "1065" "1067" "1068" "1071" "1072" "1075" "1077"
[191] "1078" "1079" "1080" "1082" "1086" "1087" "1088" "1089" "1090" "1091" "1092" "1093" "1097" "1106" "1107" "1108" "1110" "1112" "1113"
[210] "1114" "1115" "1117" "1119" "1122" "1123" "1124" "1125" "1126" "1127" "1129" "1131" "1132" "1133" "1134" "1136" "1137" "1141" "1145"
[229] "1147" "1148" "1150" "1152" "1155" "1156" "1157" "1160" "1161" "1162" "1164" "1166" "1167" "1169" "1176" "1177" "1179" "1181" "1182"
[248] "1189" "1190" "1193" "1196" "1197" "1200" "911"  "917"  "956"  "957"  "968"  "973"  "980"  "1003" "1008" "1015" "1030" "1031" "1094"
[267] "1095" "1143" "1165" "1171" "1172" "1173" "1188" "1191" "929"  "930"  "938"  "945"  "949"  "952"  "962"  "972"  "995"  "1004" "1021"
[286] "1033" "1039" "1046" "1100" "1101" "1105" "1121" "1144" "1180" "1184"

$C2
  [1] "603" "604" "610" "611" "623" "629" "635" "636" "684" "690" "714" "723" "727" "734" "740" "745" "748" "758" "767" "769" "783" "798"
 [23] "812" "830" "834" "845" "848" "869" "B7"  "601" "609" "615" "616" "617" "624" "631" "654" "661" "693" "694" "733" "746" "790" "805"
 [45] "807" "815" "855" "859" "864" "B6"  "605" "607" "619" "622" "626" "639" "640" "641" "645" "652" "657" "658" "663" "664" "668" "674"
 [67] "678" "686" "687" "702" "703" "708" "709" "717" "719" "725" "731" "736" "737" "742" "744" "749" "754" "764" "766" "773" "777" "781"
 [89] "782" "789" "792" "795" "797" "799" "817" "820" "823" "826" "831" "837" "840" "841" "843" "862" "865" "866" "871" "874" "881" "882"
[111] "888" "892" "A3"  "A7"  "A12" "602" "606" "608" "612" "613" "614" "618" "625" "627" "630" "638" "642" "643" "647" "648" "649" "653"
[133] "655" "656" "659" "662" "667" "669" "670" "672" "676" "680" "682" "683" "685" "691" "692" "695" "697" "698" "699" "700" "701" "705"
[155] "707" "710" "711" "713" "715" "716" "721" "722" "728" "729" "730" "735" "738" "739" "741" "743" "752" "753" "756" "760" "761" "765"
[177] "768" "771" "774" "775" "778" "779" "780" "784" "785" "786" "788" "791" "793" "794" "800" "801" "802" "804" "808" "809" "811" "813"
[199] "821" "822" "825" "828" "829" "833" "835" "836" "838" "842" "844" "846" "847" "849" "852" "853" "854" "856" "857" "860" "861" "867"
[221] "872" "876" "879" "880" "885" "886" "887" "890" "893" "894" "895" "896" "897" "899" "900" "620" "621" "632" "633" "634" "637" "644"
[243] "646" "651" "671" "675" "679" "681" "688" "696" "718" "724" "726" "732" "747" "755" "763" "770" "772" "787" "796" "816" "819" "832"
[265] "839" "850" "858" "868" "870" "875" "883" "884" "889" "891" "628" "650" "660" "665" "666" "677" "704" "706" "720" "750" "751" "757"
[287] "759" "762" "803" "806" "810" "814" "824" "873" "878"

$C3
  [1] "6"   "8"   "12"  "16"  "18"  "23"  "31"  "34"  "35"  "42"  "59"  "60"  "78"  "84"  "87"  "89"  "94"  "95"  "108" "128" "130" "134"
 [23] "141" "155" "164" "170" "174" "177" "183" "185" "201" "206" "209" "215" "229" "236" "252" "257" "258" "263" "282" "294" "300" "B4" 
 [45] "5"   "11"  "13"  "20"  "28"  "33"  "37"  "40"  "44"  "47"  "54"  "56"  "63"  "64"  "67"  "68"  "69"  "70"  "71"  "72"  "77"  "80" 
 [67] "92"  "97"  "101" "102" "106" "112" "117" "123" "126" "143" "147" "152" "158" "179" "187" "191" "198" "207" "212" "216" "218" "219"
 [89] "220" "221" "222" "223" "224" "225" "235" "242" "248" "249" "253" "254" "255" "256" "260" "277" "283" "285" "288" "289" "292" "295"
[111] "297" "A8"  "A9"  "4"   "7"   "17"  "21"  "25"  "29"  "39"  "45"  "46"  "76"  "79"  "100" "103" "111" "119" "120" "137" "142" "150"
[133] "160" "184" "231" "237" "250" "268" "270" "276" "281" "290" "A2"  "2"   "3"   "10"  "15"  "19"  "22"  "24"  "26"  "32"  "36"  "38" 
[155] "41"  "43"  "48"  "50"  "51"  "53"  "55"  "57"  "58"  "62"  "65"  "73"  "74"  "75"  "81"  "82"  "83"  "85"  "86"  "93"  "96"  "98" 
[177] "99"  "104" "105" "107" "109" "113" "114" "115" "116" "121" "122" "124" "125" "127" "132" "133" "135" "136" "138" "139" "144" "145"
[199] "146" "148" "149" "153" "154" "156" "161" "162" "163" "166" "167" "168" "169" "171" "172" "173" "175" "178" "181" "182" "186" "188"
[221] "190" "192" "194" "196" "197" "200" "202" "203" "204" "205" "210" "211" "213" "226" "227" "230" "232" "233" "234" "243" "245" "246"
[243] "247" "259" "261" "262" "264" "266" "267" "269" "271" "272" "273" "274" "278" "279" "280" "286" "287" "291" "293" "296" "298" "299"
[265] "1"   "9"   "30"  "49"  "61"  "66"  "90"  "110" "118" "131" "140" "151" "157" "159" "165" "176" "193" "195" "199" "208" "214" "228"
[287] "238" "239" "240" "241" "244" "251" "265" "275" "284"

$C4
  [1] "322" "336" "371" "376" "390" "431" "453" "454" "469" "479" "480" "484" "499" "503" "510" "512" "517" "549" "550" "563" "565" "578"
 [23] "582" "591" "594" "B5"  "304" "312" "314" "327" "329" "342" "360" "364" "365" "369" "378" "413" "416" "436" "444" "456" "457" "471"
 [45] "474" "475" "489" "537" "543" "575" "B2"  "301" "302" "307" "311" "315" "318" "320" "326" "343" "347" "351" "354" "366" "367" "370"
 [67] "372" "374" "380" "384" "387" "391" "399" "402" "406" "414" "417" "425" "429" "432" "437" "439" "449" "466" "470" "472" "478" "483"
 [89] "496" "497" "501" "504" "507" "515" "519" "523" "524" "525" "527" "529" "534" "540" "542" "545" "546" "548" "551" "556" "559" "560"
[111] "566" "571" "576" "579" "583" "585" "586" "587" "596" "597" "599" "600" "A6"  "A16" "317" "323" "333" "340" "345" "377" "388" "396"
[133] "398" "400" "401" "405" "411" "419" "435" "438" "452" "459" "465" "467" "485" "491" "508" "511" "530" "536" "547" "553" "564" "569"
[155] "580" "581" "592" "A5"  "303" "305" "306" "308" "316" "319" "321" "324" "325" "332" "334" "335" "337" "341" "346" "348" "350" "352"
[177] "353" "355" "356" "357" "358" "363" "368" "373" "375" "379" "381" "389" "393" "394" "395" "404" "407" "410" "415" "418" "420" "422"
[199] "423" "424" "426" "427" "428" "430" "433" "434" "442" "443" "445" "446" "447" "448" "450" "458" "460" "461" "462" "464" "473" "476"
[221] "477" "481" "482" "486" "487" "488" "490" "492" "493" "494" "495" "502" "505" "506" "509" "513" "514" "516" "520" "526" "528" "531"
[243] "533" "535" "538" "541" "544" "552" "554" "555" "557" "561" "562" "567" "568" "570" "572" "573" "574" "577" "584" "588" "589" "590"
[265] "593" "595" "310" "330" "331" "338" "339" "349" "359" "361" "362" "382" "385" "386" "397" "408" "421" "440" "441" "455" "463" "468"
[287] "500" "518" "522" "539" "558"

$C5
  [1] "1231" "1233" "1262" "1271" "1275" "1288" "1298" "1308" "1325" "1340" "1348" "1351" "1355" "1373" "1402" "1412" "1422" "1434" "1457"
 [20] "1464" "1471" "1483" "1484" "1485" "B8"   "1205" "1207" "1243" "1255" "1286" "1322" "1335" "1345" "1358" "1380" "1410" "1451" "1461"
 [39] "1466" "1469" "1474" "1476" "1479" "1491" "1500" "B3"   "1211" "1212" "1217" "1221" "1223" "1235" "1236" "1239" "1241" "1244" "1249"
 [58] "1250" "1251" "1260" "1261" "1263" "1269" "1273" "1289" "1290" "1294" "1296" "1306" "1307" "1309" "1310" "1312" "1315" "1317" "1323"
 [77] "1324" "1328" "1336" "1342" "1349" "1352" "1353" "1364" "1371" "1374" "1375" "1386" "1387" "1388" "1393" "1394" "1396" "1397" "1411"
 [96] "1417" "1432" "1433" "1439" "1442" "1450" "1467" "1477" "1497" "1498" "A10"  "A14"  "A15"  "1204" "1245" "1246" "1252" "1257" "1280"
[115] "1282" "1292" "1297" "1299" "1303" "1320" "1327" "1333" "1343" "1346" "1360" "1369" "1379" "1384" "1399" "1401" "1403" "1444" "1454"
[134] "1468" "1480" "1486" "1490" "1493" "A4"   "1201" "1202" "1203" "1209" "1210" "1213" "1214" "1215" "1216" "1218" "1219" "1220" "1222"
[153] "1224" "1226" "1228" "1230" "1234" "1238" "1242" "1248" "1253" "1254" "1258" "1259" "1264" "1265" "1267" "1270" "1272" "1276" "1277"
[172] "1278" "1279" "1281" "1283" "1284" "1285" "1287" "1291" "1295" "1300" "1301" "1302" "1304" "1305" "1311" "1318" "1319" "1321" "1326"
[191] "1329" "1334" "1337" "1339" "1341" "1344" "1347" "1350" "1354" "1356" "1361" "1362" "1363" "1366" "1367" "1368" "1372" "1376" "1377"
[210] "1381" "1382" "1383" "1395" "1400" "1404" "1408" "1409" "1413" "1414" "1415" "1416" "1418" "1420" "1421" "1424" "1427" "1428" "1429"
[229] "1430" "1436" "1437" "1438" "1441" "1443" "1446" "1449" "1453" "1459" "1460" "1463" "1470" "1473" "1475" "1478" "1482" "1488" "1492"
[248] "1494" "1495" "1496" "1499" "1227" "1237" "1268" "1274" "1313" "1331" "1338" "1357" "1389" "1391" "1398" "1405" "1406" "1407" "1423"
[267] "1435" "1445" "1447" "1452" "1455" "1481" "1208" "1229" "1232" "1240" "1247" "1256" "1266" "1314" "1316" "1365" "1370" "1378" "1390"
[286] "1392" "1425" "1426" "1440" "1456" "1458" "1465" "1487"

$H1
  [1] "14"   "27"   "52"   "88"   "91"   "129"  "180"  "217"  "673"  "689"  "712"  "776"  "818"  "827"  "851"  "863"  "877"  "898"  "944" 
 [20] "1070" "1149" "C1"   "C2"   "C3"   "902"  "915"  "916"  "918"  "922"  "931"  "936"  "940"  "942"  "946"  "955"  "960"  "967"  "979" 
 [39] "981"  "984"  "987"  "988"  "990"  "994"  "1011" "1018" "1032" "1037" "1038" "1040" "1052" "1059" "1064" "1069" "1081" "1103" "1116"
 [58] "1140" "1151" "1175" "1178" "1183" "1198" "B1"   "901"  "903"  "909"  "921"  "923"  "928"  "932"  "934"  "947"  "948"  "950"  "958" 
 [77] "964"  "970"  "974"  "976"  "985"  "986"  "993"  "997"  "998"  "1000" "1001" "1006" "1012" "1017" "1019" "1020" "1022" "1024" "1025"
 [96] "1026" "1036" "1041" "1043" "1044" "1045" "1047" "1066" "1073" "1074" "1076" "1083" "1084" "1085" "1096" "1098" "1099" "1102" "1104"
[115] "1109" "1111" "1118" "1120" "1128" "1135" "1138" "1146" "1153" "1154" "1158" "1159" "1163" "1168" "1170" "1174" "1185" "1186" "1187"
[134] "1192" "1194" "1195" "A1"   "A11"  "A13"  "904"  "905"  "906"  "907"  "908"  "910"  "912"  "913"  "914"  "919"  "920"  "924"  "925" 
[153] "926"  "933"  "935"  "937"  "939"  "941"  "943"  "951"  "953"  "954"  "959"  "961"  "963"  "965"  "966"  "969"  "971"  "975"  "977" 
[172] "978"  "982"  "983"  "989"  "991"  "992"  "996"  "999"  "1002" "1007" "1009" "1010" "1013" "1014" "1016" "1023" "1027" "1028" "1029"
[191] "1034" "1035" "1042" "1048" "1049" "1050" "1051" "1053" "1054" "1055" "1056" "1057" "1058" "1060" "1061" "1062" "1063" "1065" "1067"
[210] "1068" "1071" "1072" "1075" "1077" "1078" "1079" "1080" "1082" "1086" "1087" "1088" "1089" "1090" "1091" "1092" "1093" "1097" "1106"
[229] "1107" "1108" "1110" "1112" "1113" "1114" "1115" "1117" "1119" "1122" "1123" "1124" "1125" "1126" "1127" "1129" "1131" "1132" "1133"
[248] "1134" "1136" "1137" "1141" "1145" "1147" "1148" "1150" "1152" "1155" "1156" "1157" "1160" "1161" "1162" "1164" "1166" "1167" "1169"
[267] "1176" "1177" "1179" "1181" "1182" "1189" "1190" "1193" "1196" "1197" "1200" "911"  "917"  "956"  "957"  "968"  "973"  "980"  "1003"
[286] "1008" "1015" "1030" "1031" "1094" "1095" "1143" "1165" "1171" "1172" "1173" "1188" "1191" "929"  "930"  "938"  "945"  "949"  "952" 
[305] "962"  "972"  "995"  "1004" "1021" "1033" "1039" "1046" "1100" "1101" "1105" "1121" "1144" "1180" "1184" "603"  "604"  "610"  "611" 
[324] "623"  "629"  "635"  "636"  "684"  "690"  "714"  "723"  "727"  "734"  "740"  "745"  "748"  "758"  "767"  "769"  "783"  "798"  "812" 
[343] "830"  "834"  "845"  "848"  "869"  "B7"   "601"  "609"  "615"  "616"  "617"  "624"  "631"  "654"  "661"  "693"  "694"  "733"  "746" 
[362] "790"  "805"  "807"  "815"  "855"  "859"  "864"  "B6"   "605"  "607"  "619"  "622"  "626"  "639"  "640"  "641"  "645"  "652"  "657" 
[381] "658"  "663"  "664"  "668"  "674"  "678"  "686"  "687"  "702"  "703"  "708"  "709"  "717"  "719"  "725"  "731"  "736"  "737"  "742" 
[400] "744"  "749"  "754"  "764"  "766"  "773"  "777"  "781"  "782"  "789"  "792"  "795"  "797"  "799"  "817"  "820"  "823"  "826"  "831" 
[419] "837"  "840"  "841"  "843"  "862"  "865"  "866"  "871"  "874"  "881"  "882"  "888"  "892"  "A3"   "A7"   "A12"  "602"  "606"  "608" 
[438] "612"  "613"  "614"  "618"  "625"  "627"  "630"  "638"  "642"  "643"  "647"  "648"  "649"  "653"  "655"  "656"  "659"  "662"  "667" 
[457] "669"  "670"  "672"  "676"  "680"  "682"  "683"  "685"  "691"  "692"  "695"  "697"  "698"  "699"  "700"  "701"  "705"  "707"  "710" 
[476] "711"  "713"  "715"  "716"  "721"  "722"  "728"  "729"  "730"  "735"  "738"  "739"  "741"  "743"  "752"  "753"  "756"  "760"  "761" 
[495] "765"  "768"  "771"  "774"  "775"  "778"  "779"  "780"  "784"  "785"  "786"  "788"  "791"  "793"  "794"  "800"  "801"  "802"  "804" 
[514] "808"  "809"  "811"  "813"  "821"  "822"  "825"  "828"  "829"  "833"  "835"  "836"  "838"  "842"  "844"  "846"  "847"  "849"  "852" 
[533] "853"  "854"  "856"  "857"  "860"  "861"  "867"  "872"  "876"  "879"  "880"  "885"  "886"  "887"  "890"  "893"  "894"  "895"  "896" 
[552] "897"  "899"  "900"  "620"  "621"  "632"  "633"  "634"  "637"  "644"  "646"  "651"  "671"  "675"  "679"  "681"  "688"  "696"  "718" 
[571] "724"  "726"  "732"  "747"  "755"  "763"  "770"  "772"  "787"  "796"  "816"  "819"  "832"  "839"  "850"  "858"  "868"  "870"  "875" 
[590] "883"  "884"  "889"  "891"  "628"  "650"  "660"  "665"  "666"  "677"  "704"  "706"  "720"  "750"  "751"  "757"  "759"  "762"  "803" 
[609] "806"  "810"  "814"  "824"  "873"  "878"  "6"    "8"    "12"   "16"   "18"   "23"   "31"   "34"   "35"   "42"   "59"   "60"   "78"  
[628] "84"   "87"   "89"   "94"   "95"   "108"  "128"  "130"  "134"  "141"  "155"  "164"  "170"  "174"  "177"  "183"  "185"  "201"  "206" 
[647] "209"  "215"  "229"  "236"  "252"  "257"  "258"  "263"  "282"  "294"  "300"  "B4"   "5"    "11"   "13"   "20"   "28"   "33"   "37"  
[666] "40"   "44"   "47"   "54"   "56"   "63"   "64"   "67"   "68"   "69"   "70"   "71"   "72"   "77"   "80"   "92"   "97"   "101"  "102" 
[685] "106"  "112"  "117"  "123"  "126"  "143"  "147"  "152"  "158"  "179"  "187"  "191"  "198"  "207"  "212"  "216"  "218"  "219"  "220" 
[704] "221"  "222"  "223"  "224"  "225"  "235"  "242"  "248"  "249"  "253"  "254"  "255"  "256"  "260"  "277"  "283"  "285"  "288"  "289" 
[723] "292"  "295"  "297"  "A8"   "A9"   "4"    "7"    "17"   "21"   "25"   "29"   "39"   "45"   "46"   "76"   "79"   "100"  "103"  "111" 
[742] "119"  "120"  "137"  "142"  "150"  "160"  "184"  "231"  "237"  "250"  "268"  "270"  "276"  "281"  "290"  "A2"   "2"    "3"    "10"  
[761] "15"   "19"   "22"   "24"   "26"   "32"   "36"   "38"   "41"   "43"   "48"   "50"   "51"   "53"   "55"   "57"   "58"   "62"   "65"  
[780] "73"   "74"   "75"   "81"   "82"   "83"   "85"   "86"   "93"   "96"   "98"   "99"   "104"  "105"  "107"  "109"  "113"  "114"  "115" 
[799] "116"  "121"  "122"  "124"  "125"  "127"  "132"  "133"  "135"  "136"  "138"  "139"  "144"  "145"  "146"  "148"  "149"  "153"  "154" 
[818] "156"  "161"  "162"  "163"  "166"  "167"  "168"  "169"  "171"  "172"  "173"  "175"  "178"  "181"  "182"  "186"  "188"  "190"  "192" 
[837] "194"  "196"  "197"  "200"  "202"  "203"  "204"  "205"  "210"  "211"  "213"  "226"  "227"  "230"  "232"  "233"  "234"  "243"  "245" 
[856] "246"  "247"  "259"  "261"  "262"  "264"  "266"  "267"  "269"  "271"  "272"  "273"  "274"  "278"  "279"  "280"  "286"  "287"  "291" 
[875] "293"  "296"  "298"  "299"  "1"    "9"    "30"   "49"   "61"   "66"   "90"   "110"  "118"  "131"  "140"  "151"  "157"  "159"  "165" 
[894] "176"  "193"  "195"  "199"  "208"  "214"  "228"  "238"  "239"  "240"  "241"  "244"  "251"  "265"  "275"  "284" 

$H2
  [1] "313"  "328"  "344"  "498"  "521"  "1206" "1225" "1293" "1330" "1332" "1359" "1385" "1419" "1431" "1448" "1462" "1472" "1489" "C4"  
 [20] "C5"   "322"  "336"  "371"  "376"  "390"  "431"  "453"  "454"  "469"  "479"  "480"  "484"  "499"  "503"  "510"  "512"  "517"  "549" 
 [39] "550"  "563"  "565"  "578"  "582"  "591"  "594"  "B5"   "304"  "312"  "314"  "327"  "329"  "342"  "360"  "364"  "365"  "369"  "378" 
 [58] "413"  "416"  "436"  "444"  "456"  "457"  "471"  "474"  "475"  "489"  "537"  "543"  "575"  "B2"   "301"  "302"  "307"  "311"  "315" 
 [77] "318"  "320"  "326"  "343"  "347"  "351"  "354"  "366"  "367"  "370"  "372"  "374"  "380"  "384"  "387"  "391"  "399"  "402"  "406" 
 [96] "414"  "417"  "425"  "429"  "432"  "437"  "439"  "449"  "466"  "470"  "472"  "478"  "483"  "496"  "497"  "501"  "504"  "507"  "515" 
[115] "519"  "523"  "524"  "525"  "527"  "529"  "534"  "540"  "542"  "545"  "546"  "548"  "551"  "556"  "559"  "560"  "566"  "571"  "576" 
[134] "579"  "583"  "585"  "586"  "587"  "596"  "597"  "599"  "600"  "A6"   "A16"  "317"  "323"  "333"  "340"  "345"  "377"  "388"  "396" 
[153] "398"  "400"  "401"  "405"  "411"  "419"  "435"  "438"  "452"  "459"  "465"  "467"  "485"  "491"  "508"  "511"  "530"  "536"  "547" 
[172] "553"  "564"  "569"  "580"  "581"  "592"  "A5"   "303"  "305"  "306"  "308"  "316"  "319"  "321"  "324"  "325"  "332"  "334"  "335" 
[191] "337"  "341"  "346"  "348"  "350"  "352"  "353"  "355"  "356"  "357"  "358"  "363"  "368"  "373"  "375"  "379"  "381"  "389"  "393" 
[210] "394"  "395"  "404"  "407"  "410"  "415"  "418"  "420"  "422"  "423"  "424"  "426"  "427"  "428"  "430"  "433"  "434"  "442"  "443" 
[229] "445"  "446"  "447"  "448"  "450"  "458"  "460"  "461"  "462"  "464"  "473"  "476"  "477"  "481"  "482"  "486"  "487"  "488"  "490" 
[248] "492"  "493"  "494"  "495"  "502"  "505"  "506"  "509"  "513"  "514"  "516"  "520"  "526"  "528"  "531"  "533"  "535"  "538"  "541" 
[267] "544"  "552"  "554"  "555"  "557"  "561"  "562"  "567"  "568"  "570"  "572"  "573"  "574"  "577"  "584"  "588"  "589"  "590"  "593" 
[286] "595"  "310"  "330"  "331"  "338"  "339"  "349"  "359"  "361"  "362"  "382"  "385"  "386"  "397"  "408"  "421"  "440"  "441"  "455" 
[305] "463"  "468"  "500"  "518"  "522"  "539"  "558"  "1231" "1233" "1262" "1271" "1275" "1288" "1298" "1308" "1325" "1340" "1348" "1351"
[324] "1355" "1373" "1402" "1412" "1422" "1434" "1457" "1464" "1471" "1483" "1484" "1485" "B8"   "1205" "1207" "1243" "1255" "1286" "1322"
[343] "1335" "1345" "1358" "1380" "1410" "1451" "1461" "1466" "1469" "1474" "1476" "1479" "1491" "1500" "B3"   "1211" "1212" "1217" "1221"
[362] "1223" "1235" "1236" "1239" "1241" "1244" "1249" "1250" "1251" "1260" "1261" "1263" "1269" "1273" "1289" "1290" "1294" "1296" "1306"
[381] "1307" "1309" "1310" "1312" "1315" "1317" "1323" "1324" "1328" "1336" "1342" "1349" "1352" "1353" "1364" "1371" "1374" "1375" "1386"
[400] "1387" "1388" "1393" "1394" "1396" "1397" "1411" "1417" "1432" "1433" "1439" "1442" "1450" "1467" "1477" "1497" "1498" "A10"  "A14" 
[419] "A15"  "1204" "1245" "1246" "1252" "1257" "1280" "1282" "1292" "1297" "1299" "1303" "1320" "1327" "1333" "1343" "1346" "1360" "1369"
[438] "1379" "1384" "1399" "1401" "1403" "1444" "1454" "1468" "1480" "1486" "1490" "1493" "A4"   "1201" "1202" "1203" "1209" "1210" "1213"
[457] "1214" "1215" "1216" "1218" "1219" "1220" "1222" "1224" "1226" "1228" "1230" "1234" "1238" "1242" "1248" "1253" "1254" "1258" "1259"
[476] "1264" "1265" "1267" "1270" "1272" "1276" "1277" "1278" "1279" "1281" "1283" "1284" "1285" "1287" "1291" "1295" "1300" "1301" "1302"
[495] "1304" "1305" "1311" "1318" "1319" "1321" "1326" "1329" "1334" "1337" "1339" "1341" "1344" "1347" "1350" "1354" "1356" "1361" "1362"
[514] "1363" "1366" "1367" "1368" "1372" "1376" "1377" "1381" "1382" "1383" "1395" "1400" "1404" "1408" "1409" "1413" "1414" "1415" "1416"
[533] "1418" "1420" "1421" "1424" "1427" "1428" "1429" "1430" "1436" "1437" "1438" "1441" "1443" "1446" "1449" "1453" "1459" "1460" "1463"
[552] "1470" "1473" "1475" "1478" "1482" "1488" "1492" "1494" "1495" "1496" "1499" "1227" "1237" "1268" "1274" "1313" "1331" "1338" "1357"
[571] "1389" "1391" "1398" "1405" "1406" "1407" "1423" "1435" "1445" "1447" "1452" "1455" "1481" "1208" "1229" "1232" "1240" "1247" "1256"
[590] "1266" "1314" "1316" "1365" "1370" "1378" "1390" "1392" "1425" "1426" "1440" "1456" "1458" "1465" "1487"

------------------------------------------------------------------------
[1] "AGGLOMERATED SIZE"
[1] "NUMBER_CLUSTERS 31"
------------------------------------------------------------------------
[1] "MAPPING"
MAPPING
 A1 A10 A11 A12 A13 A14 A15 A16  A2  A3  A4  A5  A6  A7  A8  A9  B1  B2  B3  B4  B5  B6  B7  B8  C1  C2  C3  C4  C5  H1  H2 
138  31  21  21  21  21  21  25 121 120 112 108  34  39  30  31  75  73  62  69  25  65  21  21  40  29  44  26  25  24  20 
------------------------------------------------------------------------
[1] "NOISE"
 [1]  189  309  383  392  403  409  412  451  532  598  927 1005 1130 1139 1142 1199
------------------------------------------------------------------------
[1] "ORIGINAL EPSILON   0.257022174438287"
[1] "FINAL EPSILON      2.01824716372271"
[1] "STEP_DISTANCE      0.195691665476047"
[1] "NUMBER OF CLUSTERS 31"
[1] "NUMBER OF SAMPLES  1500"
[1] "NUMBER OF MAPPINGS 1482"
[1] "NUMBER OF MISSINGS 16"
------------------------------------------------------------------------
[1] "TOP LEVEL CENTROIDS"
        X1    X2    X3     X4
A1   1.072 -1.03 -1.09 -1.064
A3  -0.003  0.04  0.08 -0.027
A6  -1.070  0.89  1.13  0.774
A7   0.027 -0.02 -0.32  0.165
A8  -1.172 -1.07 -1.29 -1.337
A9  -0.671 -1.13 -1.25 -1.003
A10  1.290  1.20  1.29  1.212
A11  0.686 -0.95 -1.24 -1.000
A12  0.116  0.07 -0.07 -0.458
A13  1.155 -1.44 -1.02 -1.290
A14  1.341  0.93  0.80  0.905
A15  0.915  1.17  1.05  1.479
A16 -1.338  1.15  0.76  1.288
B1   1.123 -1.02 -1.06 -1.043
B4  -1.137 -1.13 -0.97 -1.010
B5  -0.778  1.20  0.96  1.166
B7   0.040  0.36  0.10  0.062
B8   0.983  1.29  0.75  1.065
C1   1.034 -1.07 -1.10 -1.090
C2  -0.035  0.18 -0.07  0.006
C3  -1.091 -1.06 -1.05 -0.973
C4  -0.973  1.14  1.05  1.071
C5   0.988  0.93  1.18  1.256
H1  -0.183 -0.59 -0.54 -0.775
H2   0.650  1.33  0.93  0.913
------------------------------------------------------------------------
------------------------------------------------------------------------
[1] "RELATIONSHIPS BETWEEN AGGLOMERATED CLUSTERS"
------------------------------------------------------------------------
[1] "  H2 --> |N|=  20 SAMPLES, P=                         |C|=  13 CLUSTERS:  C4 C5 B5 B2 A6 A16 A5 B8 B3 A10 A14 A15 A4"
[1] "  H1 --> |N|=  24 SAMPLES, P=                         |C|=  16 CLUSTERS:  C1 C2 C3 B1 A1 A11 A13 B7 B6 A3 A7 A12 B4 A8 A9 A2"
[1] "  C5 --> |N|=  25 SAMPLES, P=                      H2 |C|=   6 CLUSTERS:  B8 B3 A10 A14 A15 A4"
[1] "  C4 --> |N|=  26 SAMPLES, P=                      H2 |C|=   5 CLUSTERS:  B5 B2 A6 A16 A5"
[1] "  C3 --> |N|=  44 SAMPLES, P=                      H1 |C|=   4 CLUSTERS:  B4 A8 A9 A2"
[1] "  C2 --> |N|=  29 SAMPLES, P=                      H1 |C|=   5 CLUSTERS:  B7 B6 A3 A7 A12"
[1] "  C1 --> |N|=  40 SAMPLES, P=                      H1 |C|=   4 CLUSTERS:  B1 A1 A11 A13"
[1] "  B8 --> |N|=  21 SAMPLES, P=                   C5 H2 |C|=   5 CLUSTERS:  B3 A10 A14 A15 A4"
[1] "  B7 --> |N|=  21 SAMPLES, P=                   C2 H1 |C|=   4 CLUSTERS:  B6 A3 A7 A12"
[1] "  B6 --> |N|=  65 SAMPLES, P=                B7 C2 H1 |C|=   3 CLUSTERS:  A3 A7 A12"
[1] "  B5 --> |N|=  25 SAMPLES, P=                   C4 H2 |C|=   4 CLUSTERS:  B2 A6 A16 A5"
[1] "  B4 --> |N|=  69 SAMPLES, P=                   C3 H1 |C|=   3 CLUSTERS:  A8 A9 A2"
[1] "  B3 --> |N|=  62 SAMPLES, P=                B8 C5 H2 |C|=   4 CLUSTERS:  A10 A14 A15 A4"
[1] "  B2 --> |N|=  73 SAMPLES, P=                B5 C4 H2 |C|=   3 CLUSTERS:  A6 A16 A5"
[1] "  B1 --> |N|=  75 SAMPLES, P=                   C1 H1 |C|=   3 CLUSTERS:  A1 A11 A13"
[1] "  A9 --> |N|=  31 SAMPLES, P=                B4 C3 H1 |C|=   0 CLUSTERS: "
[1] "  A8 --> |N|=  30 SAMPLES, P=                B4 C3 H1 |C|=   1 CLUSTERS:  A2"
[1] "  A7 --> |N|=  39 SAMPLES, P=             B6 B7 C2 H1 |C|=   0 CLUSTERS: "
[1] "  A6 --> |N|=  34 SAMPLES, P=             B2 B5 C4 H2 |C|=   1 CLUSTERS:  A5"
[1] "  A5 --> |N|= 108 SAMPLES, P=          A6 B2 B5 C4 H2 |C|=   0 CLUSTERS: "
[1] "  A4 --> |N|= 112 SAMPLES, P=         A10 B3 B8 C5 H2 |C|=   0 CLUSTERS: "
[1] "  A3 --> |N|= 120 SAMPLES, P=             B6 B7 C2 H1 |C|=   0 CLUSTERS: "
[1] "  A2 --> |N|= 121 SAMPLES, P=             A8 B4 C3 H1 |C|=   0 CLUSTERS: "
[1] " A16 --> |N|=  25 SAMPLES, P=             B2 B5 C4 H2 |C|=   0 CLUSTERS: "
[1] " A15 --> |N|=  21 SAMPLES, P=             B3 B8 C5 H2 |C|=   0 CLUSTERS: "
[1] " A14 --> |N|=  21 SAMPLES, P=             B3 B8 C5 H2 |C|=   0 CLUSTERS: "
[1] " A13 --> |N|=  21 SAMPLES, P=                B1 C1 H1 |C|=   0 CLUSTERS: "
[1] " A12 --> |N|=  21 SAMPLES, P=             B6 B7 C2 H1 |C|=   0 CLUSTERS: "
[1] " A11 --> |N|=  21 SAMPLES, P=                B1 C1 H1 |C|=   0 CLUSTERS: "
[1] " A10 --> |N|=  31 SAMPLES, P=             B3 B8 C5 H2 |C|=   1 CLUSTERS:  A4"
[1] "  A1 --> |N|= 138 SAMPLES, P=                B1 C1 H1 |C|=   0 CLUSTERS: "
------------------------------------------------------------------------
------------------------------------------------------------------------
